#
# There is insufficient memory for the Java Runtime Environment to continue.
# Native memory allocation (malloc) failed to allocate 32744 bytes for Chunk::new
# Possible reasons:
#   The system is out of physical RAM or swap space
#   The process is running with CompressedOops enabled, and the Java Heap may be blocking the growth of the native heap
# Possible solutions:
#   Reduce memory load on the system
#   Increase physical memory or swap space
#   Check if swap backing store is full
#   Decrease Java heap size (-Xmx/-Xms)
#   Decrease number of Java threads
#   Decrease Java thread stack sizes (-Xss)
#   Set larger code cache with -XX:ReservedCodeCacheSize=
#   JVM is running with Unscaled Compressed Oops mode in which the Java heap is
#     placed in the first 4GB address space. The Java Heap base address is the
#     maximum limit for the native heap growth. Please use -XX:HeapBaseMinAddress
#     to set the Java Heap base and to place the Java Heap above 4GB virtual address.
# This output file may be truncated or incomplete.
#
#  Out of Memory Error (arena.cpp:184), pid=7996, tid=12260
#
# JRE version: Java(TM) SE Runtime Environment (19.0.2+7) (build 19.0.2+7-44)
# Java VM: Java HotSpot(TM) 64-Bit Server VM (19.0.2+7-44, mixed mode, sharing, tiered, compressed oops, compressed class ptrs, g1 gc, windows-amd64)
# No core dump will be written. Minidumps are not enabled by default on client versions of Windows
#

---------------  S U M M A R Y ------------

Command Line: -Dfile.encoding=UTF-8 -XX:+ShowCodeDetailsInExceptionMessages WebElementMethods.SendKeys3

Host: Intel(R) Core(TM) i3 CPU       M 330  @ 2.13GHz, 4 cores, 5G,  Windows 10 , 64 bit Build 19041 (10.0.19041.2546)
Time: Thu Jun 15 20:14:03 2023 India Standard Time elapsed time: 136.413423 seconds (0d 0h 2m 16s)

---------------  T H R E A D  ---------------

Current thread (0x000001f5f3a37290):  JavaThread "main" [_thread_in_vm, id=12260, stack(0x000000b728e00000,0x000000b728f00000)]

Stack: [0x000000b728e00000,0x000000b728f00000]
Native frames: (J=compiled Java code, j=interpreted, Vv=VM code, C=native code)
V  [jvm.dll+0x6ee21a]
V  [jvm.dll+0x85765e]
V  [jvm.dll+0x85904e]
V  [jvm.dll+0x859703]
V  [jvm.dll+0x28298f]
V  [jvm.dll+0xc9adf]
V  [jvm.dll+0xc9e65]
V  [jvm.dll+0x30db05]
V  [jvm.dll+0x30d066]
V  [jvm.dll+0x21f646]
V  [jvm.dll+0x2146ba]
V  [jvm.dll+0x5a9cb6]
V  [jvm.dll+0x7cd5d8]
V  [jvm.dll+0x7cd4fa]
V  [jvm.dll+0x46b2ad]
V  [jvm.dll+0x47d46d]
C  [java.dll+0x1657]

Java frames: (J=compiled Java code, j=interpreted, Vv=VM code)
j  java.lang.ClassLoader.defineClass0(Ljava/lang/ClassLoader;Ljava/lang/Class;Ljava/lang/String;[BIILjava/security/ProtectionDomain;ZILjava/lang/Object;)Ljava/lang/Class;+0 java.base@19.0.2
j  java.lang.System$2.defineClass(Ljava/lang/ClassLoader;Ljava/lang/Class;Ljava/lang/String;[BLjava/security/ProtectionDomain;ZILjava/lang/Object;)Ljava/lang/Class;+17 java.base@19.0.2
j  java.lang.invoke.MethodHandles$Lookup$ClassDefiner.defineClass(ZLjava/lang/Object;)Ljava/lang/Class;+54 java.base@19.0.2
j  java.lang.invoke.MethodHandles$Lookup$ClassDefiner.defineClassAsLookup(Z)Ljava/lang/invoke/MethodHandles$Lookup;+3 java.base@19.0.2
j  java.lang.invoke.MethodHandles$Lookup.defineHiddenClass([BZ[Ljava/lang/invoke/MethodHandles$Lookup$ClassOption;)Ljava/lang/invoke/MethodHandles$Lookup;+65 java.base@19.0.2
j  java.lang.invoke.InnerClassLambdaMetafactory.generateInnerClass()Ljava/lang/Class;+577 java.base@19.0.2
j  java.lang.invoke.InnerClassLambdaMetafactory.spinInnerClass()Ljava/lang/Class;+114 java.base@19.0.2
j  java.lang.invoke.InnerClassLambdaMetafactory.buildCallSite()Ljava/lang/invoke/CallSite;+1 java.base@19.0.2
j  java.lang.invoke.LambdaMetafactory.metafactory(Ljava/lang/invoke/MethodHandles$Lookup;Ljava/lang/String;Ljava/lang/invoke/MethodType;Ljava/lang/invoke/MethodType;Ljava/lang/invoke/MethodHandle;Ljava/lang/invoke/MethodType;)Ljava/lang/invoke/CallSite;+67 java.base@19.0.2
j  java.lang.invoke.DirectMethodHandle$Holder.invokeStatic(Ljava/lang/Object;Ljava/lang/Object;Ljava/lang/Object;Ljava/lang/Object;Ljava/lang/Object;Ljava/lang/Object;Ljava/lang/Object;)Ljava/lang/Object;+20 java.base@19.0.2
j  java.lang.invoke.Invokers$Holder.invokeExact_MT(Ljava/lang/Object;Ljava/lang/Object;Ljava/lang/Object;Ljava/lang/Object;Ljava/lang/Object;Ljava/lang/Object;Ljava/lang/Object;Ljava/lang/Object;)Ljava/lang/Object;+28 java.base@19.0.2
j  java.lang.invoke.BootstrapMethodInvoker.invoke(Ljava/lang/Class;Ljava/lang/invoke/MethodHandle;Ljava/lang/String;Ljava/lang/Object;Ljava/lang/Object;Ljava/lang/Class;)Ljava/lang/Object;+319 java.base@19.0.2
j  java.lang.invoke.CallSite.makeSite(Ljava/lang/invoke/MethodHandle;Ljava/lang/String;Ljava/lang/invoke/MethodType;Ljava/lang/Object;Ljava/lang/Class;)Ljava/lang/invoke/CallSite;+8 java.base@19.0.2
j  java.lang.invoke.MethodHandleNatives.linkCallSiteImpl(Ljava/lang/Class;Ljava/lang/invoke/MethodHandle;Ljava/lang/String;Ljava/lang/invoke/MethodType;Ljava/lang/Object;[Ljava/lang/Object;)Ljava/lang/invoke/MemberName;+6 java.base@19.0.2
j  java.lang.invoke.MethodHandleNatives.linkCallSite(Ljava/lang/Object;Ljava/lang/Object;Ljava/lang/Object;Ljava/lang/Object;Ljava/lang/Object;[Ljava/lang/Object;)Ljava/lang/invoke/MemberName;+45 java.base@19.0.2
v  ~StubRoutines::call_stub 0x000001f587531016
j  java.lang.ProcessHandleImpl.lambda$static$1()Ljava/util/concurrent/Executor;+45 java.base@19.0.2
j  java.lang.ProcessHandleImpl$$Lambda$63+0x0000000801070688.run()Ljava/lang/Object;+0 java.base@19.0.2
j  java.security.AccessController.executePrivileged(Ljava/security/PrivilegedAction;Ljava/security/AccessControlContext;Ljava/lang/Class;)Ljava/lang/Object;+29 java.base@19.0.2
j  java.security.AccessController.doPrivileged(Ljava/security/PrivilegedAction;)Ljava/lang/Object;+5 java.base@19.0.2
j  java.lang.ProcessHandleImpl.<clinit>()V+43 java.base@19.0.2
v  ~StubRoutines::call_stub 0x000001f587531016
j  java.lang.ProcessImpl.<init>([Ljava/lang/String;Ljava/lang/String;Ljava/lang/String;[JZZ)V+304 java.base@19.0.2
j  java.lang.ProcessImpl.start([Ljava/lang/String;Ljava/util/Map;Ljava/lang/String;[Ljava/lang/ProcessBuilder$Redirect;Z)Ljava/lang/Process;+407 java.base@19.0.2
j  java.lang.ProcessBuilder.start([Ljava/lang/ProcessBuilder$Redirect;)Ljava/lang/Process;+163 java.base@19.0.2
j  java.lang.ProcessBuilder.start()Ljava/lang/Process;+5 java.base@19.0.2
j  org.openqa.selenium.manager.SeleniumManager.runCommand([Ljava/lang/String;)Ljava/lang/String;+17
j  org.openqa.selenium.manager.SeleniumManager.getDriverPath(Lorg/openqa/selenium/Capabilities;)Ljava/lang/String;+154
j  org.openqa.selenium.remote.service.DriverFinder.getPath(Lorg/openqa/selenium/remote/service/DriverService;Lorg/openqa/selenium/Capabilities;)Ljava/lang/String;+58
j  org.openqa.selenium.chrome.ChromeDriver.generateExecutor(Lorg/openqa/selenium/chrome/ChromeDriverService;Lorg/openqa/selenium/chrome/ChromeOptions;Lorg/openqa/selenium/remote/http/ClientConfig;)Lorg/openqa/selenium/chrome/ChromeDriver$ChromeDriverCommandExecutor;+30
j  org.openqa.selenium.chrome.ChromeDriver.<init>(Lorg/openqa/selenium/chrome/ChromeDriverService;Lorg/openqa/selenium/chrome/ChromeOptions;Lorg/openqa/selenium/remote/http/ClientConfig;)V+4
j  org.openqa.selenium.chrome.ChromeDriver.<init>(Lorg/openqa/selenium/chrome/ChromeDriverService;Lorg/openqa/selenium/chrome/ChromeOptions;)V+6
j  org.openqa.selenium.chrome.ChromeDriver.<init>()V+11
j  WebElementMethods.SendKeys3.main([Ljava/lang/String;)V+4
v  ~StubRoutines::call_stub 0x000001f587531016

---------------  P R O C E S S  ---------------

Threads class SMR info:
_java_thread_list=0x000001f5ff6159c0, length=12, elements={
0x000001f5f3a37290, 0x000001f5ff42e6f0, 0x000001f5ff431e30, 0x000001f5ff4364c0,
0x000001f5ff438380, 0x000001f5ff438cb0, 0x000001f5ff43a9f0, 0x000001f5ff43b650,
0x000001f5ff4a8480, 0x000001f5ff4ad360, 0x000001f5ff66af80, 0x000001f5ff677960
}

Java Threads: ( => current thread )
=>0x000001f5f3a37290 JavaThread "main" [_thread_in_vm, id=12260, stack(0x000000b728e00000,0x000000b728f00000)]
  0x000001f5ff42e6f0 JavaThread "Reference Handler" daemon [_thread_blocked, id=14936, stack(0x000000b729500000,0x000000b729600000)]
  0x000001f5ff431e30 JavaThread "Finalizer" daemon [_thread_blocked, id=15648, stack(0x000000b729600000,0x000000b729700000)]
  0x000001f5ff4364c0 JavaThread "Signal Dispatcher" daemon [_thread_blocked, id=3820, stack(0x000000b729700000,0x000000b729800000)]
  0x000001f5ff438380 JavaThread "Attach Listener" daemon [_thread_blocked, id=10760, stack(0x000000b729800000,0x000000b729900000)]
  0x000001f5ff438cb0 JavaThread "Service Thread" daemon [_thread_blocked, id=14156, stack(0x000000b729900000,0x000000b729a00000)]
  0x000001f5ff43a9f0 JavaThread "Monitor Deflation Thread" daemon [_thread_blocked, id=16628, stack(0x000000b729a00000,0x000000b729b00000)]
  0x000001f5ff43b650 JavaThread "C2 CompilerThread0" daemon [_thread_blocked, id=9368, stack(0x000000b729b00000,0x000000b729c00000)]
  0x000001f5ff4a8480 JavaThread "C1 CompilerThread0" daemon [_thread_in_native, id=4288, stack(0x000000b729c00000,0x000000b729d00000)]
  0x000001f5ff4ad360 JavaThread "Sweeper thread" daemon [_thread_blocked, id=5452, stack(0x000000b729d00000,0x000000b729e00000)]
  0x000001f5ff66af80 JavaThread "Notification Thread" daemon [_thread_blocked, id=13592, stack(0x000000b729e00000,0x000000b729f00000)]
  0x000001f5ff677960 JavaThread "Common-Cleaner" daemon [_thread_blocked, id=8608, stack(0x000000b72a000000,0x000000b72a100000)]

Other Threads:
  0x000001f5ff411e00 VMThread "VM Thread" [stack: 0x000000b729400000,0x000000b729500000] [id=17384]
  0x000001f5ff6734f0 WatcherThread "VM Periodic Task Thread" [stack: 0x000000b729f00000,0x000000b72a000000] [id=4544]
  0x000001f5f3a87750 WorkerThread "GC Thread#0" [stack: 0x000000b728f00000,0x000000b729000000] [id=7780]
  0x000001f5f3a94b50 ConcurrentGCThread "G1 Main Marker" [stack: 0x000000b729000000,0x000000b729100000] [id=3076]
  0x000001f5f3a95490 WorkerThread "G1 Conc#0" [stack: 0x000000b729100000,0x000000b729200000] [id=11752]
  0x000001f5f3aff8d0 ConcurrentGCThread "G1 Refine#0" [stack: 0x000000b729200000,0x000000b729300000] [id=4056]
  0x000001f5f3b00320 ConcurrentGCThread "G1 Service" [stack: 0x000000b729300000,0x000000b729400000] [id=10888]

Threads with active compile tasks:
C1 CompilerThread0   142646  635       3       jdk.internal.org.objectweb.asm.Frame::execute (2305 bytes)

VM state: not at safepoint (normal execution)

VM Mutex/Monitor currently owned by a thread: None

Heap address: 0x00000000a5400000, size: 1452 MB, Compressed Oops mode: 32-bit

CDS archive(s) mapped at: [0x0000000800000000-0x0000000800c40000-0x0000000800c40000), size 12845056, SharedBaseAddress: 0x0000000800000000, ArchiveRelocationMode: 0.
Compressed class space mapped at: 0x0000000801000000-0x0000000841000000, reserved size: 1073741824
Narrow klass base: 0x0000000800000000, Narrow klass shift: 0, Narrow klass range: 0x100000000

GC Precious Log:
 CardTable entry size: 512
 Card Set container configuration: InlinePtr #cards 5 size 8 Array Of Cards #cards 12 size 40 Howl #buckets 4 coarsen threshold 1843 Howl Bitmap #cards 512 size 80 coarsen threshold 460 Card regions per heap region 1 cards per card region 2048
 CPUs: 4 total, 4 available
 Memory: 5806M
 Large Page Support: Disabled
 NUMA Support: Disabled
 Compressed Oops: Enabled (32-bit)
 Heap Region Size: 1M
 Heap Min Capacity: 8M
 Heap Initial Capacity: 92M
 Heap Max Capacity: 1452M
 Pre-touch: Disabled
 Parallel Workers: 4
 Concurrent Workers: 1
 Concurrent Refinement Workers: 4
 Periodic GC: Disabled

Heap:
 garbage-first heap   total 94208K, used 8192K [0x00000000a5400000, 0x0000000100000000)
  region size 1024K, 7 young (7168K), 0 survivors (0K)
 Metaspace       used 3023K, committed 3200K, reserved 1114112K
  class space    used 325K, committed 448K, reserved 1048576K

Heap Regions: E=young(eden), S=young(survivor), O=old, HS=humongous(starts), HC=humongous(continues), CS=collection set, F=free, OA=open archive, CA=closed archive, TAMS=top-at-mark-start (previous, next)
|   0|0x00000000a5400000, 0x00000000a5500000, 0x00000000a5500000|100%|HS|  |TAMS 0x00000000a5400000, 0x00000000a5400000| Complete 
|   1|0x00000000a5500000, 0x00000000a5600000, 0x00000000a5600000|100%|HC|  |TAMS 0x00000000a5500000, 0x00000000a5500000| Complete 
|   2|0x00000000a5600000, 0x00000000a5600000, 0x00000000a5700000|  0%| F|  |TAMS 0x00000000a5600000, 0x00000000a5600000| Untracked 
|   3|0x00000000a5700000, 0x00000000a5700000, 0x00000000a5800000|  0%| F|  |TAMS 0x00000000a5700000, 0x00000000a5700000| Untracked 
|   4|0x00000000a5800000, 0x00000000a5800000, 0x00000000a5900000|  0%| F|  |TAMS 0x00000000a5800000, 0x00000000a5800000| Untracked 
|   5|0x00000000a5900000, 0x00000000a5900000, 0x00000000a5a00000|  0%| F|  |TAMS 0x00000000a5900000, 0x00000000a5900000| Untracked 
|   6|0x00000000a5a00000, 0x00000000a5a00000, 0x00000000a5b00000|  0%| F|  |TAMS 0x00000000a5a00000, 0x00000000a5a00000| Untracked 
|   7|0x00000000a5b00000, 0x00000000a5b00000, 0x00000000a5c00000|  0%| F|  |TAMS 0x00000000a5b00000, 0x00000000a5b00000| Untracked 
|   8|0x00000000a5c00000, 0x00000000a5c00000, 0x00000000a5d00000|  0%| F|  |TAMS 0x00000000a5c00000, 0x00000000a5c00000| Untracked 
|   9|0x00000000a5d00000, 0x00000000a5d00000, 0x00000000a5e00000|  0%| F|  |TAMS 0x00000000a5d00000, 0x00000000a5d00000| Untracked 
|  10|0x00000000a5e00000, 0x00000000a5e00000, 0x00000000a5f00000|  0%| F|  |TAMS 0x00000000a5e00000, 0x00000000a5e00000| Untracked 
|  11|0x00000000a5f00000, 0x00000000a5f00000, 0x00000000a6000000|  0%| F|  |TAMS 0x00000000a5f00000, 0x00000000a5f00000| Untracked 
|  12|0x00000000a6000000, 0x00000000a6000000, 0x00000000a6100000|  0%| F|  |TAMS 0x00000000a6000000, 0x00000000a6000000| Untracked 
|  13|0x00000000a6100000, 0x00000000a6100000, 0x00000000a6200000|  0%| F|  |TAMS 0x00000000a6100000, 0x00000000a6100000| Untracked 
|  14|0x00000000a6200000, 0x00000000a6200000, 0x00000000a6300000|  0%| F|  |TAMS 0x00000000a6200000, 0x00000000a6200000| Untracked 
|  15|0x00000000a6300000, 0x00000000a6300000, 0x00000000a6400000|  0%| F|  |TAMS 0x00000000a6300000, 0x00000000a6300000| Untracked 
|  16|0x00000000a6400000, 0x00000000a6400000, 0x00000000a6500000|  0%| F|  |TAMS 0x00000000a6400000, 0x00000000a6400000| Untracked 
|  17|0x00000000a6500000, 0x00000000a6500000, 0x00000000a6600000|  0%| F|  |TAMS 0x00000000a6500000, 0x00000000a6500000| Untracked 
|  18|0x00000000a6600000, 0x00000000a6600000, 0x00000000a6700000|  0%| F|  |TAMS 0x00000000a6600000, 0x00000000a6600000| Untracked 
|  19|0x00000000a6700000, 0x00000000a6700000, 0x00000000a6800000|  0%| F|  |TAMS 0x00000000a6700000, 0x00000000a6700000| Untracked 
|  20|0x00000000a6800000, 0x00000000a6800000, 0x00000000a6900000|  0%| F|  |TAMS 0x00000000a6800000, 0x00000000a6800000| Untracked 
|  21|0x00000000a6900000, 0x00000000a6900000, 0x00000000a6a00000|  0%| F|  |TAMS 0x00000000a6900000, 0x00000000a6900000| Untracked 
|  22|0x00000000a6a00000, 0x00000000a6a00000, 0x00000000a6b00000|  0%| F|  |TAMS 0x00000000a6a00000, 0x00000000a6a00000| Untracked 
|  23|0x00000000a6b00000, 0x00000000a6b00000, 0x00000000a6c00000|  0%| F|  |TAMS 0x00000000a6b00000, 0x00000000a6b00000| Untracked 
|  24|0x00000000a6c00000, 0x00000000a6c00000, 0x00000000a6d00000|  0%| F|  |TAMS 0x00000000a6c00000, 0x00000000a6c00000| Untracked 
|  25|0x00000000a6d00000, 0x00000000a6d00000, 0x00000000a6e00000|  0%| F|  |TAMS 0x00000000a6d00000, 0x00000000a6d00000| Untracked 
|  26|0x00000000a6e00000, 0x00000000a6e00000, 0x00000000a6f00000|  0%| F|  |TAMS 0x00000000a6e00000, 0x00000000a6e00000| Untracked 
|  27|0x00000000a6f00000, 0x00000000a6f00000, 0x00000000a7000000|  0%| F|  |TAMS 0x00000000a6f00000, 0x00000000a6f00000| Untracked 
|  28|0x00000000a7000000, 0x00000000a7000000, 0x00000000a7100000|  0%| F|  |TAMS 0x00000000a7000000, 0x00000000a7000000| Untracked 
|  29|0x00000000a7100000, 0x00000000a7100000, 0x00000000a7200000|  0%| F|  |TAMS 0x00000000a7100000, 0x00000000a7100000| Untracked 
|  30|0x00000000a7200000, 0x00000000a7200000, 0x00000000a7300000|  0%| F|  |TAMS 0x00000000a7200000, 0x00000000a7200000| Untracked 
|  31|0x00000000a7300000, 0x00000000a7300000, 0x00000000a7400000|  0%| F|  |TAMS 0x00000000a7300000, 0x00000000a7300000| Untracked 
|  32|0x00000000a7400000, 0x00000000a7400000, 0x00000000a7500000|  0%| F|  |TAMS 0x00000000a7400000, 0x00000000a7400000| Untracked 
|  33|0x00000000a7500000, 0x00000000a7500000, 0x00000000a7600000|  0%| F|  |TAMS 0x00000000a7500000, 0x00000000a7500000| Untracked 
|  34|0x00000000a7600000, 0x00000000a7600000, 0x00000000a7700000|  0%| F|  |TAMS 0x00000000a7600000, 0x00000000a7600000| Untracked 
|  35|0x00000000a7700000, 0x00000000a7700000, 0x00000000a7800000|  0%| F|  |TAMS 0x00000000a7700000, 0x00000000a7700000| Untracked 
|  36|0x00000000a7800000, 0x00000000a7800000, 0x00000000a7900000|  0%| F|  |TAMS 0x00000000a7800000, 0x00000000a7800000| Untracked 
|  37|0x00000000a7900000, 0x00000000a7900000, 0x00000000a7a00000|  0%| F|  |TAMS 0x00000000a7900000, 0x00000000a7900000| Untracked 
|  38|0x00000000a7a00000, 0x00000000a7a00000, 0x00000000a7b00000|  0%| F|  |TAMS 0x00000000a7a00000, 0x00000000a7a00000| Untracked 
|  39|0x00000000a7b00000, 0x00000000a7b00000, 0x00000000a7c00000|  0%| F|  |TAMS 0x00000000a7b00000, 0x00000000a7b00000| Untracked 
|  40|0x00000000a7c00000, 0x00000000a7c00000, 0x00000000a7d00000|  0%| F|  |TAMS 0x00000000a7c00000, 0x00000000a7c00000| Untracked 
|  41|0x00000000a7d00000, 0x00000000a7d00000, 0x00000000a7e00000|  0%| F|  |TAMS 0x00000000a7d00000, 0x00000000a7d00000| Untracked 
|  42|0x00000000a7e00000, 0x00000000a7e00000, 0x00000000a7f00000|  0%| F|  |TAMS 0x00000000a7e00000, 0x00000000a7e00000| Untracked 
|  43|0x00000000a7f00000, 0x00000000a7f00000, 0x00000000a8000000|  0%| F|  |TAMS 0x00000000a7f00000, 0x00000000a7f00000| Untracked 
|  44|0x00000000a8000000, 0x00000000a8000000, 0x00000000a8100000|  0%| F|  |TAMS 0x00000000a8000000, 0x00000000a8000000| Untracked 
|  45|0x00000000a8100000, 0x00000000a8100000, 0x00000000a8200000|  0%| F|  |TAMS 0x00000000a8100000, 0x00000000a8100000| Untracked 
|  46|0x00000000a8200000, 0x00000000a8200000, 0x00000000a8300000|  0%| F|  |TAMS 0x00000000a8200000, 0x00000000a8200000| Untracked 
|  47|0x00000000a8300000, 0x00000000a8300000, 0x00000000a8400000|  0%| F|  |TAMS 0x00000000a8300000, 0x00000000a8300000| Untracked 
|  48|0x00000000a8400000, 0x00000000a8400000, 0x00000000a8500000|  0%| F|  |TAMS 0x00000000a8400000, 0x00000000a8400000| Untracked 
|  49|0x00000000a8500000, 0x00000000a8500000, 0x00000000a8600000|  0%| F|  |TAMS 0x00000000a8500000, 0x00000000a8500000| Untracked 
|  50|0x00000000a8600000, 0x00000000a8600000, 0x00000000a8700000|  0%| F|  |TAMS 0x00000000a8600000, 0x00000000a8600000| Untracked 
|  51|0x00000000a8700000, 0x00000000a8700000, 0x00000000a8800000|  0%| F|  |TAMS 0x00000000a8700000, 0x00000000a8700000| Untracked 
|  52|0x00000000a8800000, 0x00000000a8800000, 0x00000000a8900000|  0%| F|  |TAMS 0x00000000a8800000, 0x00000000a8800000| Untracked 
|  53|0x00000000a8900000, 0x00000000a8900000, 0x00000000a8a00000|  0%| F|  |TAMS 0x00000000a8900000, 0x00000000a8900000| Untracked 
|  54|0x00000000a8a00000, 0x00000000a8a00000, 0x00000000a8b00000|  0%| F|  |TAMS 0x00000000a8a00000, 0x00000000a8a00000| Untracked 
|  55|0x00000000a8b00000, 0x00000000a8b00000, 0x00000000a8c00000|  0%| F|  |TAMS 0x00000000a8b00000, 0x00000000a8b00000| Untracked 
|  56|0x00000000a8c00000, 0x00000000a8c00000, 0x00000000a8d00000|  0%| F|  |TAMS 0x00000000a8c00000, 0x00000000a8c00000| Untracked 
|  57|0x00000000a8d00000, 0x00000000a8d00000, 0x00000000a8e00000|  0%| F|  |TAMS 0x00000000a8d00000, 0x00000000a8d00000| Untracked 
|  58|0x00000000a8e00000, 0x00000000a8e00000, 0x00000000a8f00000|  0%| F|  |TAMS 0x00000000a8e00000, 0x00000000a8e00000| Untracked 
|  59|0x00000000a8f00000, 0x00000000a8f00000, 0x00000000a9000000|  0%| F|  |TAMS 0x00000000a8f00000, 0x00000000a8f00000| Untracked 
|  60|0x00000000a9000000, 0x00000000a9000000, 0x00000000a9100000|  0%| F|  |TAMS 0x00000000a9000000, 0x00000000a9000000| Untracked 
|  61|0x00000000a9100000, 0x00000000a9100000, 0x00000000a9200000|  0%| F|  |TAMS 0x00000000a9100000, 0x00000000a9100000| Untracked 
|  62|0x00000000a9200000, 0x00000000a9200000, 0x00000000a9300000|  0%| F|  |TAMS 0x00000000a9200000, 0x00000000a9200000| Untracked 
|  63|0x00000000a9300000, 0x00000000a9300000, 0x00000000a9400000|  0%| F|  |TAMS 0x00000000a9300000, 0x00000000a9300000| Untracked 
|  64|0x00000000a9400000, 0x00000000a9400000, 0x00000000a9500000|  0%| F|  |TAMS 0x00000000a9400000, 0x00000000a9400000| Untracked 
|  65|0x00000000a9500000, 0x00000000a9500000, 0x00000000a9600000|  0%| F|  |TAMS 0x00000000a9500000, 0x00000000a9500000| Untracked 
|  66|0x00000000a9600000, 0x00000000a9600000, 0x00000000a9700000|  0%| F|  |TAMS 0x00000000a9600000, 0x00000000a9600000| Untracked 
|  67|0x00000000a9700000, 0x00000000a9700000, 0x00000000a9800000|  0%| F|  |TAMS 0x00000000a9700000, 0x00000000a9700000| Untracked 
|  68|0x00000000a9800000, 0x00000000a9800000, 0x00000000a9900000|  0%| F|  |TAMS 0x00000000a9800000, 0x00000000a9800000| Untracked 
|  69|0x00000000a9900000, 0x00000000a9900000, 0x00000000a9a00000|  0%| F|  |TAMS 0x00000000a9900000, 0x00000000a9900000| Untracked 
|  70|0x00000000a9a00000, 0x00000000a9a00000, 0x00000000a9b00000|  0%| F|  |TAMS 0x00000000a9a00000, 0x00000000a9a00000| Untracked 
|  71|0x00000000a9b00000, 0x00000000a9b00000, 0x00000000a9c00000|  0%| F|  |TAMS 0x00000000a9b00000, 0x00000000a9b00000| Untracked 
|  72|0x00000000a9c00000, 0x00000000a9c00000, 0x00000000a9d00000|  0%| F|  |TAMS 0x00000000a9c00000, 0x00000000a9c00000| Untracked 
|  73|0x00000000a9d00000, 0x00000000a9d00000, 0x00000000a9e00000|  0%| F|  |TAMS 0x00000000a9d00000, 0x00000000a9d00000| Untracked 
|  74|0x00000000a9e00000, 0x00000000a9e00000, 0x00000000a9f00000|  0%| F|  |TAMS 0x00000000a9e00000, 0x00000000a9e00000| Untracked 
|  75|0x00000000a9f00000, 0x00000000a9f00000, 0x00000000aa000000|  0%| F|  |TAMS 0x00000000a9f00000, 0x00000000a9f00000| Untracked 
|  76|0x00000000aa000000, 0x00000000aa000000, 0x00000000aa100000|  0%| F|  |TAMS 0x00000000aa000000, 0x00000000aa000000| Untracked 
|  77|0x00000000aa100000, 0x00000000aa100000, 0x00000000aa200000|  0%| F|  |TAMS 0x00000000aa100000, 0x00000000aa100000| Untracked 
|  78|0x00000000aa200000, 0x00000000aa200000, 0x00000000aa300000|  0%| F|  |TAMS 0x00000000aa200000, 0x00000000aa200000| Untracked 
|  79|0x00000000aa300000, 0x00000000aa300000, 0x00000000aa400000|  0%| F|  |TAMS 0x00000000aa300000, 0x00000000aa300000| Untracked 
|  80|0x00000000aa400000, 0x00000000aa400000, 0x00000000aa500000|  0%| F|  |TAMS 0x00000000aa400000, 0x00000000aa400000| Untracked 
|  81|0x00000000aa500000, 0x00000000aa500000, 0x00000000aa600000|  0%| F|  |TAMS 0x00000000aa500000, 0x00000000aa500000| Untracked 
|  82|0x00000000aa600000, 0x00000000aa600000, 0x00000000aa700000|  0%| F|  |TAMS 0x00000000aa600000, 0x00000000aa600000| Untracked 
|  83|0x00000000aa700000, 0x00000000aa700000, 0x00000000aa800000|  0%| F|  |TAMS 0x00000000aa700000, 0x00000000aa700000| Untracked 
|  84|0x00000000aa800000, 0x00000000aa800000, 0x00000000aa900000|  0%| F|  |TAMS 0x00000000aa800000, 0x00000000aa800000| Untracked 
|  85|0x00000000aa900000, 0x00000000aa985c10, 0x00000000aaa00000| 52%| E|  |TAMS 0x00000000aa900000, 0x00000000aa900000| Complete 
|  86|0x00000000aaa00000, 0x00000000aab00000, 0x00000000aab00000|100%| E|CS|TAMS 0x00000000aaa00000, 0x00000000aaa00000| Complete 
|  87|0x00000000aab00000, 0x00000000aac00000, 0x00000000aac00000|100%| E|CS|TAMS 0x00000000aab00000, 0x00000000aab00000| Complete 
|  88|0x00000000aac00000, 0x00000000aad00000, 0x00000000aad00000|100%| E|CS|TAMS 0x00000000aac00000, 0x00000000aac00000| Complete 
|  89|0x00000000aad00000, 0x00000000aae00000, 0x00000000aae00000|100%| E|CS|TAMS 0x00000000aad00000, 0x00000000aad00000| Complete 
|  90|0x00000000aae00000, 0x00000000aaf00000, 0x00000000aaf00000|100%| E|CS|TAMS 0x00000000aae00000, 0x00000000aae00000| Complete 
|  91|0x00000000aaf00000, 0x00000000ab000000, 0x00000000ab000000|100%| E|CS|TAMS 0x00000000aaf00000, 0x00000000aaf00000| Complete 

Card table byte_map: [0x000001f5fbc90000,0x000001f5fbf70000] _byte_map_base: 0x000001f5fb766000

Marking Bits (Prev, Next): (CMBitMap*) 0x000001f5f3a88ca0, (CMBitMap*) 0x000001f5f3a88ce0
 Prev Bits: [0x000001f5fc250000, 0x000001f5fd900000)
 Next Bits: [0x000001f5fd900000, 0x000001f5fefb0000)

Polling page: 0x000001f5f19b0000

Metaspace:

Usage:
  Non-class:      2.63 MB used.
      Class:    325.45 KB used.
       Both:      2.95 MB used.

Virtual space:
  Non-class space:       64.00 MB reserved,       2.69 MB (  4%) committed,  1 nodes.
      Class space:        1.00 GB reserved,     448.00 KB ( <1%) committed,  1 nodes.
             Both:        1.06 GB reserved,       3.12 MB ( <1%) committed. 

Chunk freelists:
   Non-Class:  3.33 MB
       Class:  3.60 MB
        Both:  6.93 MB

MaxMetaspaceSize: unlimited
CompressedClassSpaceSize: 1.00 GB
Initial GC threshold: 21.00 MB
Current GC threshold: 21.00 MB
CDS: on
MetaspaceReclaimPolicy: balanced
 - commit_granule_bytes: 65536.
 - commit_granule_words: 8192.
 - virtual_space_node_default_size: 8388608.
 - enlarge_chunks_in_place: 1.
 - new_chunks_are_fully_committed: 0.
 - uncommit_free_chunks: 1.
 - use_allocation_guard: 0.


Internal statistics:

num_allocs_failed_limit: 0.
num_arena_births: 46.
num_arena_deaths: 0.
num_vsnodes_births: 2.
num_vsnodes_deaths: 0.
num_space_committed: 50.
num_space_uncommitted: 0.
num_chunks_returned_to_freelist: 0.
num_chunks_taken_from_freelist: 93.
num_chunk_merges: 0.
num_chunk_splits: 55.
num_chunks_enlarged: 40.
num_inconsistent_stats: 0.

CodeHeap 'non-profiled nmethods': size=120000Kb used=181Kb max_used=181Kb free=119818Kb
 bounds [0x000001f587ad0000, 0x000001f587d40000, 0x000001f58f000000]
CodeHeap 'profiled nmethods': size=120000Kb used=926Kb max_used=926Kb free=119073Kb
 bounds [0x000001f580000000, 0x000001f580270000, 0x000001f587530000]
CodeHeap 'non-nmethods': size=5760Kb used=1237Kb max_used=1251Kb free=4523Kb
 bounds [0x000001f587530000, 0x000001f5877a0000, 0x000001f587ad0000]
 total_blobs=1083 nmethods=634 adapters=361
 compilation: enabled
              stopped_count=0, restarted_count=0
 full_count=0

Compilation events (20 events):
Event: 79.939 Thread 0x000001f5ff4a8480 nmethod 618 0x000001f5800e3790 code [0x000001f5800e3960, 0x000001f5800e3d78]
Event: 93.575 Thread 0x000001f5ff43b650  624       4       jdk.internal.org.objectweb.asm.ByteVector::putUTF8 (144 bytes)
Event: 93.583 Thread 0x000001f5ff4a8480  622       3       java.lang.invoke.LambdaForm::uncustomize (57 bytes)
Event: 93.584 Thread 0x000001f5ff4a8480 nmethod 622 0x000001f5800e3f10 code [0x000001f5800e40e0, 0x000001f5800e4408]
Event: 93.584 Thread 0x000001f5ff4a8480  620       3       java.util.ImmutableCollections$Set12::iterator (9 bytes)
Event: 93.590 Thread 0x000001f5ff4a8480 nmethod 620 0x000001f5800e4510 code [0x000001f5800e46c0, 0x000001f5800e49b8]
Event: 93.592 Thread 0x000001f5ff4a8480  621       3       java.util.ImmutableCollections$Set12$1::<init> (32 bytes)
Event: 93.602 Thread 0x000001f5ff4a8480 nmethod 621 0x000001f5800e4a90 code [0x000001f5800e4c40, 0x000001f5800e4e78]
Event: 93.603 Thread 0x000001f5ff43b650 nmethod 624 0x000001f587afbe90 code [0x000001f587afc040, 0x000001f587afc3b8]
Event: 132.920 Thread 0x000001f5ff4a8480  625       3       sun.invoke.util.Wrapper::forPrimitiveType (122 bytes)
Event: 132.922 Thread 0x000001f5ff4a8480 nmethod 625 0x000001f5800e4f90 code [0x000001f5800e5260, 0x000001f5800e5d98]
Event: 132.922 Thread 0x000001f5ff4a8480  627       3       jdk.internal.org.objectweb.asm.Frame::push (109 bytes)
Event: 132.923 Thread 0x000001f5ff4a8480 nmethod 627 0x000001f5800e6090 code [0x000001f5800e6260, 0x000001f5800e67e8]
Event: 132.996 Thread 0x000001f5ff4a8480  631       3       java.lang.invoke.MemberName::getType (19 bytes)
Event: 132.996 Thread 0x000001f5ff4a8480 nmethod 631 0x000001f5800e6990 code [0x000001f5800e6b80, 0x000001f5800e6f38]
Event: 132.997 Thread 0x000001f5ff4a8480  632       3       java.lang.invoke.MethodType::basicType (8 bytes)
Event: 132.998 Thread 0x000001f5ff4a8480 nmethod 632 0x000001f5800e7090 code [0x000001f5800e7220, 0x000001f5800e7358]
Event: 132.998 Thread 0x000001f5ff4a8480  634       3       jdk.internal.org.objectweb.asm.ByteVector::<init> (13 bytes)
Event: 132.998 Thread 0x000001f5ff4a8480 nmethod 634 0x000001f5800e7410 code [0x000001f5800e75c0, 0x000001f5800e7838]
Event: 132.998 Thread 0x000001f5ff4a8480  635       3       jdk.internal.org.objectweb.asm.Frame::execute (2305 bytes)

GC Heap History (0 events):
No events

Dll operation events (7 events):
Event: 0.457 Loaded shared library C:\Program Files\Java\jdk-19\bin\java.dll
Event: 0.653 Loaded shared library C:\Program Files\Java\jdk-19\bin\jsvml.dll
Event: 1.498 Loaded shared library C:\Program Files\Java\jdk-19\bin\net.dll
Event: 1.502 Loaded shared library C:\Program Files\Java\jdk-19\bin\nio.dll
Event: 2.216 Loaded shared library C:\Program Files\Java\jdk-19\bin\zip.dll
Event: 7.589 Loaded shared library C:\Program Files\Java\jdk-19\bin\jimage.dll
Event: 25.501 Loaded shared library C:\Program Files\Java\jdk-19\bin\extnet.dll

Deoptimization events (4 events):
Event: 14.490 Thread 0x000001f5f3a37290 DEOPT PACKING pc=0x000001f580021a67 sp=0x000000b728efd950
Event: 14.490 Thread 0x000001f5f3a37290 DEOPT UNPACKING pc=0x000001f587597524 sp=0x000000b728efcd70 mode 0
Event: 34.775 Thread 0x000001f5f3a37290 DEOPT PACKING pc=0x000001f580016ed1 sp=0x000000b728efe0b0
Event: 34.775 Thread 0x000001f5f3a37290 DEOPT UNPACKING pc=0x000001f587597524 sp=0x000000b728efd528 mode 0

Classes loaded (20 events):
Event: 79.647 Loading class java/util/stream/Streams$ConcatSpliterator done
Event: 79.647 Loading class java/util/stream/Streams$ConcatSpliterator$OfRef done
Event: 79.648 Loading class java/util/stream/StreamSpliterators$WrappingSpliterator
Event: 79.649 Loading class java/util/stream/StreamSpliterators$AbstractWrappingSpliterator
Event: 79.837 Loading class java/util/stream/StreamSpliterators$AbstractWrappingSpliterator done
Event: 79.838 Loading class java/util/stream/StreamSpliterators$WrappingSpliterator done
Event: 79.838 Loading class java/util/stream/Streams$2
Event: 79.939 Loading class java/util/stream/Streams$2 done
Event: 93.558 Loading class java/util/stream/StreamSpliterators
Event: 93.558 Loading class java/util/stream/StreamSpliterators done
Event: 93.560 Loading class java/lang/ProcessBuilder
Event: 93.560 Loading class java/lang/ProcessBuilder done
Event: 93.560 Loading class java/lang/ProcessImpl
Event: 93.561 Loading class java/lang/Process
Event: 93.561 Loading class java/lang/Process done
Event: 93.561 Loading class java/lang/ProcessImpl done
Event: 132.925 Loading class java/lang/ProcessHandleImpl
Event: 132.995 Loading class java/lang/ProcessHandle
Event: 132.995 Loading class java/lang/ProcessHandle done
Event: 132.995 Loading class java/lang/ProcessHandleImpl done

Classes unloaded (0 events):
No events

Classes redefined (0 events):
No events

Internal exceptions (13 events):
Event: 9.740 Thread 0x000001f5f3a37290 Exception <a 'java/lang/NoSuchMethodError'{0x00000000aad6e4d8}: 'int java.lang.invoke.DirectMethodHandle$Holder.invokeStaticInit(java.lang.Object, java.lang.Object)'> (0x00000000aad6e4d8) 
thrown [s\open\src\hotspot\share\interpreter\linkResolver.cpp, line 774]
Event: 25.736 Thread 0x000001f5f3a37290 Exception <a 'java/lang/NoSuchMethodError'{0x00000000aac54f00}: 'void java.lang.invoke.DirectMethodHandle$Holder.invokeStatic(java.lang.Object, java.lang.Object)'> (0x00000000aac54f00) 
thrown [s\open\src\hotspot\share\interpreter\linkResolver.cpp, line 774]
Event: 34.761 Thread 0x000001f5f3a37290 Exception <a 'java/lang/NoSuchMethodError'{0x00000000aab41460}: 'java.lang.Object java.lang.invoke.DirectMethodHandle$Holder.invokeStaticInit(java.lang.Object)'> (0x00000000aab41460) 
thrown [s\open\src\hotspot\share\interpreter\linkResolver.cpp, line 774]
Event: 34.827 Thread 0x000001f5f3a37290 Exception <a 'java/lang/NoSuchMethodError'{0x00000000aabece68}: 'void java.lang.invoke.DirectMethodHandle$Holder.invokeStaticInit(java.lang.Object, java.lang.Object)'> (0x00000000aabece68) 
thrown [s\open\src\hotspot\share\interpreter\linkResolver.cpp, line 774]
Event: 46.100 Thread 0x000001f5f3a37290 Exception <a 'java/lang/NoSuchMethodError'{0x00000000aaa98310}: 'java.lang.Object java.lang.invoke.DirectMethodHandle$Holder.invokeStaticInit(java.lang.Object, int, int, int, int)'> (0x00000000aaa98310) 
thrown [s\open\src\hotspot\share\interpreter\linkResolver.cpp, line 774]
Event: 52.649 Thread 0x000001f5f3a37290 Exception <a 'java/lang/NoSuchMethodError'{0x00000000aa912230}: 'java.lang.Object java.lang.invoke.DirectMethodHandle$Holder.invokeStaticInit(java.lang.Object, java.lang.Object, int, int, int, int)'> (0x00000000aa912230) 
thrown [s\open\src\hotspot\share\interpreter\linkResolver.cpp, line 774]
Event: 54.681 Thread 0x000001f5f3a37290 Exception <a 'sun/nio/fs/WindowsException'{0x00000000aa91a458}> (0x00000000aa91a458) 
thrown [s\open\src\hotspot\share\prims\jni.cpp, line 517]
Event: 79.540 Thread 0x000001f5f3a37290 Exception <a 'java/lang/NoSuchMethodError'{0x00000000aa923200}: 'java.lang.Object java.lang.invoke.DirectMethodHandle$Holder.invokeInterface(java.lang.Object, java.lang.Object, java.lang.Object, java.lang.Object)'> (0x00000000aa923200) 
thrown [s\open\src\hotspot\share\interpreter\linkResolver.cpp, line 774]
Event: 93.557 Thread 0x000001f5f3a37290 Exception <a 'java/lang/NoSuchMethodError'{0x00000000aa939d68}: 'void java.lang.invoke.DirectMethodHandle$Holder.invokeInterface(java.lang.Object, java.lang.Object, java.lang.Object)'> (0x00000000aa939d68) 
thrown [s\open\src\hotspot\share\interpreter\linkResolver.cpp, line 774]
Event: 132.921 Thread 0x000001f5f3a37290 Exception <a 'java/lang/NoSuchMethodError'{0x00000000aa941998}: 'void java.lang.invoke.DirectMethodHandle$Holder.invokeStatic(java.lang.Object, long)'> (0x00000000aa941998) 
thrown [s\open\src\hotspot\share\interpreter\linkResolver.cpp, line 774]
Event: 132.923 Thread 0x000001f5f3a37290 Exception <a 'java/lang/NoSuchMethodError'{0x00000000aa947430}: 'java.lang.Object java.lang.invoke.DirectMethodHandle$Holder.newInvokeSpecial(java.lang.Object, long)'> (0x00000000aa947430) 
thrown [s\open\src\hotspot\share\interpreter\linkResolver.cpp, line 774]
Event: 132.998 Thread 0x000001f5f3a37290 Exception <a 'java/lang/NoSuchMethodError'{0x00000000aa94e880}: 'java.lang.Object java.lang.invoke.DirectMethodHandle$Holder.invokeStatic(java.lang.Object, long, java.lang.Object)'> (0x00000000aa94e880) 
thrown [s\open\src\hotspot\share\interpreter\linkResolver.cpp, line 774]
Event: 132.999 Thread 0x000001f5f3a37290 Exception <a 'java/lang/NoSuchMethodError'{0x00000000aa952000}: 'java.lang.Object java.lang.invoke.DirectMethodHandle$Holder.invokeStaticInit(java.lang.Object, long, java.lang.Object)'> (0x00000000aa952000) 
thrown [s\open\src\hotspot\share\interpreter\linkResolver.cpp, line 774]

VM Operations (20 events):
Event: 35.854 Executing VM operation: Cleanup
Event: 35.886 Executing VM operation: Cleanup done
Event: 40.931 Executing VM operation: Cleanup
Event: 41.011 Executing VM operation: Cleanup done
Event: 51.106 Executing VM operation: Cleanup
Event: 51.106 Executing VM operation: Cleanup done
Event: 53.122 Executing VM operation: Cleanup
Event: 53.122 Executing VM operation: Cleanup done
Event: 55.130 Executing VM operation: Cleanup
Event: 63.202 Executing VM operation: Cleanup done
Event: 66.221 Executing VM operation: Cleanup
Event: 66.221 Executing VM operation: Cleanup done
Event: 69.246 Executing VM operation: Cleanup
Event: 69.246 Executing VM operation: Cleanup done
Event: 74.271 Executing VM operation: Cleanup
Event: 74.271 Executing VM operation: Cleanup done
Event: 80.331 Executing VM operation: Cleanup
Event: 93.608 Executing VM operation: Cleanup done
Event: 94.622 Executing VM operation: Cleanup
Event: 94.622 Executing VM operation: Cleanup done

Events (12 events):
Event: 0.653 Thread 0x000001f5f3a37290 Thread added: 0x000001f5f3a37290
Event: 0.875 Thread 0x000001f5ff42e6f0 Thread added: 0x000001f5ff42e6f0
Event: 0.876 Thread 0x000001f5ff431e30 Thread added: 0x000001f5ff431e30
Event: 0.877 Thread 0x000001f5ff4364c0 Thread added: 0x000001f5ff4364c0
Event: 0.877 Thread 0x000001f5ff438380 Thread added: 0x000001f5ff438380
Event: 0.877 Thread 0x000001f5ff438cb0 Thread added: 0x000001f5ff438cb0
Event: 0.877 Thread 0x000001f5ff43a9f0 Thread added: 0x000001f5ff43a9f0
Event: 0.877 Thread 0x000001f5ff43b650 Thread added: 0x000001f5ff43b650
Event: 1.042 Thread 0x000001f5ff4a8480 Thread added: 0x000001f5ff4a8480
Event: 1.100 Thread 0x000001f5ff4ad360 Thread added: 0x000001f5ff4ad360
Event: 1.358 Thread 0x000001f5ff66af80 Thread added: 0x000001f5ff66af80
Event: 1.431 Thread 0x000001f5ff677960 Thread added: 0x000001f5ff677960


Dynamic libraries:
0x00007ff74c030000 - 0x00007ff74c040000 	C:\Program Files\Java\jdk-19\bin\javaw.exe
0x00007ffad9f50000 - 0x00007ffada148000 	C:\Windows\SYSTEM32\ntdll.dll
0x00007ffad9280000 - 0x00007ffad933f000 	C:\Windows\System32\KERNEL32.DLL
0x00007ffad7650000 - 0x00007ffad7922000 	C:\Windows\System32\KERNELBASE.dll
0x00007ffad79d0000 - 0x00007ffad7ad0000 	C:\Windows\System32\ucrtbase.dll
0x00007ffacc720000 - 0x00007ffacc738000 	C:\Program Files\Java\jdk-19\bin\jli.dll
0x00007ffad80e0000 - 0x00007ffad818e000 	C:\Windows\System32\ADVAPI32.dll
0x00007ffad8270000 - 0x00007ffad830e000 	C:\Windows\System32\msvcrt.dll
0x00007ffad9340000 - 0x00007ffad93dc000 	C:\Windows\System32\sechost.dll
0x00007ffad8fa0000 - 0x00007ffad90c4000 	C:\Windows\System32\RPCRT4.dll
0x00007ffad9cb0000 - 0x00007ffad9e51000 	C:\Windows\System32\USER32.dll
0x00007ffad7b20000 - 0x00007ffad7b42000 	C:\Windows\System32\win32u.dll
0x00007ffad8380000 - 0x00007ffad83ab000 	C:\Windows\System32\GDI32.dll
0x00007ffad7b50000 - 0x00007ffad7c5f000 	C:\Windows\System32\gdi32full.dll
0x00007ffad7f00000 - 0x00007ffad7f9d000 	C:\Windows\System32\msvcp_win.dll
0x00007ffacb980000 - 0x00007ffacb99b000 	C:\Program Files\Java\jdk-19\bin\VCRUNTIME140.dll
0x00007ffac9780000 - 0x00007ffac9a1a000 	C:\Windows\WinSxS\amd64_microsoft.windows.common-controls_6595b64144ccf1df_6.0.19041.1110_none_60b5254171f9507e\COMCTL32.dll
0x00007ffac9cf0000 - 0x00007ffac9cfa000 	C:\Windows\SYSTEM32\VERSION.dll
0x00007ffad85c0000 - 0x00007ffad85f0000 	C:\Windows\System32\IMM32.DLL
0x00007ffad3510000 - 0x00007ffad351c000 	C:\Program Files\Java\jdk-19\bin\vcruntime140_1.dll
0x00007ffacb8f0000 - 0x00007ffacb97e000 	C:\Program Files\Java\jdk-19\bin\msvcp140.dll
0x00007ffaac190000 - 0x00007ffaace50000 	C:\Program Files\Java\jdk-19\bin\server\jvm.dll
0x00007ffad2830000 - 0x00007ffad2839000 	C:\Windows\SYSTEM32\WSOCK32.dll
0x00007ffad8310000 - 0x00007ffad837b000 	C:\Windows\System32\WS2_32.dll
0x00007ffacb6e0000 - 0x00007ffacb707000 	C:\Windows\SYSTEM32\WINMM.dll
0x00007ffad5510000 - 0x00007ffad5522000 	C:\Windows\SYSTEM32\kernel.appcore.dll
0x00007ffad2620000 - 0x00007ffad262a000 	C:\Program Files\Java\jdk-19\bin\jimage.dll
0x00007ffac7c70000 - 0x00007ffac7e54000 	C:\Windows\SYSTEM32\DBGHELP.DLL
0x00007ffac7c30000 - 0x00007ffac7c65000 	C:\Windows\SYSTEM32\dbgcore.DLL
0x00007ffad7dc0000 - 0x00007ffad7e42000 	C:\Windows\System32\bcryptPrimitives.dll
0x00007ffacb690000 - 0x00007ffacb6b6000 	C:\Program Files\Java\jdk-19\bin\java.dll
0x00007ffac5ad0000 - 0x00007ffac5ba7000 	C:\Program Files\Java\jdk-19\bin\jsvml.dll
0x00007ffad8600000 - 0x00007ffad8d45000 	C:\Windows\System32\SHELL32.dll
0x00007ffad5710000 - 0x00007ffad5ea2000 	C:\Windows\SYSTEM32\windows.storage.dll
0x00007ffad98b0000 - 0x00007ffad9c05000 	C:\Windows\System32\combase.dll
0x00007ffad70b0000 - 0x00007ffad70e0000 	C:\Windows\SYSTEM32\Wldp.dll
0x00007ffad8030000 - 0x00007ffad80dd000 	C:\Windows\System32\SHCORE.dll
0x00007ffad84e0000 - 0x00007ffad8535000 	C:\Windows\System32\shlwapi.dll
0x00007ffad7590000 - 0x00007ffad75af000 	C:\Windows\SYSTEM32\profapi.dll
0x00007ffacb670000 - 0x00007ffacb683000 	C:\Program Files\Java\jdk-19\bin\net.dll
0x00007ffacdda0000 - 0x00007ffacdeaa000 	C:\Windows\SYSTEM32\WINHTTP.dll
0x00007ffad6e10000 - 0x00007ffad6e7a000 	C:\Windows\system32\mswsock.dll
0x00007ffacb650000 - 0x00007ffacb666000 	C:\Program Files\Java\jdk-19\bin\nio.dll
0x00007ffacb630000 - 0x00007ffacb648000 	C:\Program Files\Java\jdk-19\bin\zip.dll
0x00007ffad0a40000 - 0x00007ffad0a48000 	C:\Program Files\Java\jdk-19\bin\extnet.dll
0x00007ffad6b50000 - 0x00007ffad6c1b000 	C:\Windows\SYSTEM32\DNSAPI.dll
0x00007ffad6ab0000 - 0x00007ffad6aeb000 	C:\Windows\SYSTEM32\IPHLPAPI.DLL
0x00007ffad9c80000 - 0x00007ffad9c88000 	C:\Windows\System32\NSI.dll
0x00007ffacd7e0000 - 0x00007ffacd7ea000 	C:\Windows\System32\rasadhlp.dll
0x00007ffacd800000 - 0x00007ffacd880000 	C:\Windows\System32\fwpuclnt.dll
0x00007ffad7930000 - 0x00007ffad7957000 	C:\Windows\System32\bcrypt.dll
0x00007ffad7000000 - 0x00007ffad7018000 	C:\Windows\SYSTEM32\CRYPTSP.dll
0x00007ffad66c0000 - 0x00007ffad66f4000 	C:\Windows\system32\rsaenh.dll
0x00007ffad7550000 - 0x00007ffad757e000 	C:\Windows\SYSTEM32\USERENV.dll
0x00007ffad7020000 - 0x00007ffad702c000 	C:\Windows\SYSTEM32\CRYPTBASE.dll
0x00007fface030000 - 0x00007fface047000 	C:\Windows\SYSTEM32\dhcpcsvc6.DLL
0x00007fface130000 - 0x00007fface14d000 	C:\Windows\SYSTEM32\dhcpcsvc.DLL
0x00007ffad4e60000 - 0x00007ffad4ef0000 	C:\Windows\system32\apphelp.dll

dbghelp: loaded successfully - version: 4.0.5 - missing functions: none
symbol engine: initialized successfully - sym options: 0x614 - pdb path: .;C:\Program Files\Java\jdk-19\bin;C:\Windows\SYSTEM32;C:\Windows\WinSxS\amd64_microsoft.windows.common-controls_6595b64144ccf1df_6.0.19041.1110_none_60b5254171f9507e;C:\Program Files\Java\jdk-19\bin\server

VM Arguments:
jvm_args: -Dfile.encoding=UTF-8 -XX:+ShowCodeDetailsInExceptionMessages 
java_command: WebElementMethods.SendKeys3
java_class_path (initial): C:\Users\omsai\git\repository2\6csa5_new\bin;C:\Users\omsai\git\repository2\6csa5_new\selenium-server-4.9.0.jar
Launcher Type: SUN_STANDARD

[Global flags]
     intx CICompilerCount                          = 3                                         {product} {ergonomic}
     uint ConcGCThreads                            = 1                                         {product} {ergonomic}
     uint G1ConcRefinementThreads                  = 4                                         {product} {ergonomic}
   size_t G1HeapRegionSize                         = 1048576                                   {product} {ergonomic}
    uintx GCDrainStackTargetSize                   = 64                                        {product} {ergonomic}
   size_t InitialHeapSize                          = 96468992                                  {product} {ergonomic}
   size_t MarkStackSize                            = 4194304                                   {product} {ergonomic}
   size_t MaxHeapSize                              = 1522532352                                {product} {ergonomic}
   size_t MaxNewSize                               = 913309696                                 {product} {ergonomic}
   size_t MinHeapDeltaBytes                        = 1048576                                   {product} {ergonomic}
   size_t MinHeapSize                              = 8388608                                   {product} {ergonomic}
    uintx NonNMethodCodeHeapSize                   = 5832780                                {pd product} {ergonomic}
    uintx NonProfiledCodeHeapSize                  = 122912730                              {pd product} {ergonomic}
    uintx ProfiledCodeHeapSize                     = 122912730                              {pd product} {ergonomic}
    uintx ReservedCodeCacheSize                    = 251658240                              {pd product} {ergonomic}
     bool SegmentedCodeCache                       = true                                      {product} {ergonomic}
     bool ShowCodeDetailsInExceptionMessages       = true                                   {manageable} {command line}
   size_t SoftMaxHeapSize                          = 1522532352                             {manageable} {ergonomic}
     bool UseCompressedClassPointers               = true                           {product lp64_product} {ergonomic}
     bool UseCompressedOops                        = true                           {product lp64_product} {ergonomic}
     bool UseG1GC                                  = true                                      {product} {ergonomic}
     bool UseLargePagesIndividualAllocation        = false                                  {pd product} {ergonomic}

Logging:
Log output configuration:
 #0: stdout all=warning uptime,level,tags foldmultilines=false
 #1: stderr all=off uptime,level,tags foldmultilines=false

Environment Variables:
PATH=C:\Program Files\Common Files\Oracle\Java\javapath;C:\oracle\product\10.2.0\db_1\bin;C:\Program Files (x86)\Common Files\Oracle\Java\javapath;C:\Windows\system32;C:\Windows;C:\Windows\System32\Wbem;C:\Windows\System32\WindowsPowerShell\v1.0\;C:\Windows\System32\OpenSSH\;C:\Program Files\dotnet\;C:\Program Files\Java\jdk-19\bin;C:\Users\omsai\AppData\Local\Microsoft\WindowsApps;;C:\Users\omsai\AppData\Local\Programs\Microsoft VS Code\bin
USERNAME=omsai
OS=Windows_NT
PROCESSOR_IDENTIFIER=Intel64 Family 6 Model 37 Stepping 2, GenuineIntel
TMP=C:\Users\omsai\AppData\Local\Temp
TEMP=C:\Users\omsai\AppData\Local\Temp



---------------  S Y S T E M  ---------------

OS:
 Windows 10 , 64 bit Build 19041 (10.0.19041.2546)
OS uptime: 6 days 23:45 hours

CPU: total 4 (initial active 4) (2 cores per cpu, 2 threads per core) family 6 model 37 stepping 2 microcode 0x11, cx8, cmov, fxsr, ht, mmx, sse, sse2, sse3, ssse3, sse4.1, sse4.2, popcnt, tsc, tscinvbit, clflush, rdtscp

Memory: 4k page, system-wide physical 5806M (250M free)
TotalPageFile size 13330M (AvailPageFile size 0M)
current process WorkingSet (physical memory assigned to process): 46M, peak: 46M
current process commit charge ("private bytes"): 169M, peak: 169M

vm_info: Java HotSpot(TM) 64-Bit Server VM (19.0.2+7-44) for windows-amd64 JRE (19.0.2+7-44), built on 2022-11-30T18:02:09Z by "mach5one" with MS VC++ 17.1 (VS2022)

END.
