#
# There is insufficient memory for the Java Runtime Environment to continue.
# Native memory allocation (mmap) failed to map 96468992 bytes for G1 virtual space
# Possible reasons:
#   The system is out of physical RAM or swap space
#   The process is running with CompressedOops enabled, and the Java Heap may be blocking the growth of the native heap
# Possible solutions:
#   Reduce memory load on the system
#   Increase physical memory or swap space
#   Check if swap backing store is full
#   Decrease Java heap size (-Xmx/-Xms)
#   Decrease number of Java threads
#   Decrease Java thread stack sizes (-Xss)
#   Set larger code cache with -XX:ReservedCodeCacheSize=
#   JVM is running with Unscaled Compressed Oops mode in which the Java heap is
#     placed in the first 4GB address space. The Java Heap base address is the
#     maximum limit for the native heap growth. Please use -XX:HeapBaseMinAddress
#     to set the Java Heap base and to place the Java Heap above 4GB virtual address.
# This output file may be truncated or incomplete.
#
#  Out of Memory Error (os_windows.cpp:3536), pid=17124, tid=4516
#
# JRE version:  (19.0.2+7) (build )
# Java VM: Java HotSpot(TM) 64-Bit Server VM (19.0.2+7-44, mixed mode, sharing, tiered, compressed oops, compressed class ptrs, g1 gc, windows-amd64)
# No core dump will be written. Minidumps are not enabled by default on client versions of Windows
#

---------------  S U M M A R Y ------------

Command Line: -Dfile.encoding=UTF-8 -XX:+ShowCodeDetailsInExceptionMessages WebElementMethods.SendKeys3

Host: Intel(R) Core(TM) i3 CPU       M 330  @ 2.13GHz, 4 cores, 5G,  Windows 10 , 64 bit Build 19041 (10.0.19041.2546)
Time: Thu Jun 15 20:13:57 2023 India Standard Time elapsed time: 4.269736 seconds (0d 0h 0m 4s)

---------------  T H R E A D  ---------------

Current thread (0x0000028c586b7210):  JavaThread "Unknown thread" [_thread_in_vm, id=4516, stack(0x000000aa5ef00000,0x000000aa5f000000)]

Stack: [0x000000aa5ef00000,0x000000aa5f000000]
Native frames: (J=compiled Java code, j=interpreted, Vv=VM code, C=native code)
V  [jvm.dll+0x6ee21a]
V  [jvm.dll+0x85765e]
V  [jvm.dll+0x85904e]
V  [jvm.dll+0x859703]
V  [jvm.dll+0x28298f]
V  [jvm.dll+0x6eb009]
V  [jvm.dll+0x6dfbaa]
V  [jvm.dll+0x3573f6]
V  [jvm.dll+0x35ee56]
V  [jvm.dll+0x3b541e]
V  [jvm.dll+0x3b564f]
V  [jvm.dll+0x32c9ea]
V  [jvm.dll+0x32d89e]
V  [jvm.dll+0x821780]
V  [jvm.dll+0x3c2661]
V  [jvm.dll+0x801f51]
V  [jvm.dll+0x44ae8f]
V  [jvm.dll+0x44c811]
C  [jli.dll+0x5287]
C  [ucrtbase.dll+0x21bb2]
C  [KERNEL32.DLL+0x17614]
C  [ntdll.dll+0x526a1]


---------------  P R O C E S S  ---------------

Threads class SMR info:
_java_thread_list=0x00007ffaacd0d048, length=0, elements={
}

Java Threads: ( => current thread )

Other Threads:
  0x0000028c587076d0 WorkerThread "GC Thread#0" [stack: 0x000000aa5f000000,0x000000aa5f100000] [id=10532]
  0x0000028c58714ad0 ConcurrentGCThread "G1 Main Marker" [stack: 0x000000aa5f100000,0x000000aa5f200000] [id=3040]
  0x0000028c58715410 WorkerThread "G1 Conc#0" [stack: 0x000000aa5f200000,0x000000aa5f300000] [id=11288]

[error occurred during error reporting (printing all threads), id 0xc0000005, EXCEPTION_ACCESS_VIOLATION (0xc0000005) at pc=0x00007ffaac4cd427]

VM state: not at safepoint (not fully initialized)

VM Mutex/Monitor currently owned by a thread:  ([mutex/lock_event])
[0x0000028c586b1e10] Heap_lock - owner thread: 0x0000028c586b7210

Heap address: 0x00000000a5400000, size: 1452 MB, Compressed Oops mode: 32-bit

CDS archive(s) mapped at: [0x0000000000000000-0x0000000000000000-0x0000000000000000), size 0, SharedBaseAddress: 0x0000000800000000, ArchiveRelocationMode: 0.
Narrow klass base: 0x0000000000000000, Narrow klass shift: 0, Narrow klass range: 0x0

GC Precious Log:
 CardTable entry size: 512
 Card Set container configuration: InlinePtr #cards 5 size 8 Array Of Cards #cards 12 size 40 Howl #buckets 4 coarsen threshold 1843 Howl Bitmap #cards 512 size 80 coarsen threshold 460 Card regions per heap region 1 cards per card region 2048

Heap:
 garbage-first heap   total 0K, used 0K [0x00000000a5400000, 0x0000000100000000)
  region size 1024K, 0 young (0K), 0 survivors (0K)

[error occurred during error reporting (printing heap information), id 0xc0000005, EXCEPTION_ACCESS_VIOLATION (0xc0000005) at pc=0x00007ffaac8d6649]

GC Heap History (0 events):
No events

Dll operation events (1 events):
Event: 1.332 Loaded shared library C:\Program Files\Java\jdk-19\bin\java.dll

Deoptimization events (0 events):
No events

Classes loaded (0 events):
No events

Classes unloaded (0 events):
No events

Classes redefined (0 events):
No events

Internal exceptions (0 events):
No events

VM Operations (0 events):
No events

Events (0 events):
No events


Dynamic libraries:
0x00007ff74c030000 - 0x00007ff74c040000 	C:\Program Files\Java\jdk-19\bin\javaw.exe
0x00007ffad9f50000 - 0x00007ffada148000 	C:\Windows\SYSTEM32\ntdll.dll
0x00007ffad9280000 - 0x00007ffad933f000 	C:\Windows\System32\KERNEL32.DLL
0x00007ffad7650000 - 0x00007ffad7922000 	C:\Windows\System32\KERNELBASE.dll
0x00007ffad79d0000 - 0x00007ffad7ad0000 	C:\Windows\System32\ucrtbase.dll
0x00007ffacc720000 - 0x00007ffacc738000 	C:\Program Files\Java\jdk-19\bin\jli.dll
0x00007ffad80e0000 - 0x00007ffad818e000 	C:\Windows\System32\ADVAPI32.dll
0x00007ffad8270000 - 0x00007ffad830e000 	C:\Windows\System32\msvcrt.dll
0x00007ffad9340000 - 0x00007ffad93dc000 	C:\Windows\System32\sechost.dll
0x00007ffad8fa0000 - 0x00007ffad90c4000 	C:\Windows\System32\RPCRT4.dll
0x00007ffad9cb0000 - 0x00007ffad9e51000 	C:\Windows\System32\USER32.dll
0x00007ffad7b20000 - 0x00007ffad7b42000 	C:\Windows\System32\win32u.dll
0x00007ffad8380000 - 0x00007ffad83ab000 	C:\Windows\System32\GDI32.dll
0x00007ffad7b50000 - 0x00007ffad7c5f000 	C:\Windows\System32\gdi32full.dll
0x00007ffad7f00000 - 0x00007ffad7f9d000 	C:\Windows\System32\msvcp_win.dll
0x00007ffacb980000 - 0x00007ffacb99b000 	C:\Program Files\Java\jdk-19\bin\VCRUNTIME140.dll
0x00007ffac9780000 - 0x00007ffac9a1a000 	C:\Windows\WinSxS\amd64_microsoft.windows.common-controls_6595b64144ccf1df_6.0.19041.1110_none_60b5254171f9507e\COMCTL32.dll
0x00007ffac9cf0000 - 0x00007ffac9cfa000 	C:\Windows\SYSTEM32\VERSION.dll
0x00007ffad85c0000 - 0x00007ffad85f0000 	C:\Windows\System32\IMM32.DLL
0x00007ffad3510000 - 0x00007ffad351c000 	C:\Program Files\Java\jdk-19\bin\vcruntime140_1.dll
0x00007ffacb8f0000 - 0x00007ffacb97e000 	C:\Program Files\Java\jdk-19\bin\msvcp140.dll
0x00007ffaac190000 - 0x00007ffaace50000 	C:\Program Files\Java\jdk-19\bin\server\jvm.dll
0x00007ffad2830000 - 0x00007ffad2839000 	C:\Windows\SYSTEM32\WSOCK32.dll
0x00007ffad8310000 - 0x00007ffad837b000 	C:\Windows\System32\WS2_32.dll
0x00007ffacb6e0000 - 0x00007ffacb707000 	C:\Windows\SYSTEM32\WINMM.dll
0x00007ffad5510000 - 0x00007ffad5522000 	C:\Windows\SYSTEM32\kernel.appcore.dll
0x00007ffad2620000 - 0x00007ffad262a000 	C:\Program Files\Java\jdk-19\bin\jimage.dll
0x00007ffac7c70000 - 0x00007ffac7e54000 	C:\Windows\SYSTEM32\DBGHELP.DLL
0x00007ffac7c30000 - 0x00007ffac7c65000 	C:\Windows\SYSTEM32\dbgcore.DLL
0x00007ffad7dc0000 - 0x00007ffad7e42000 	C:\Windows\System32\bcryptPrimitives.dll
0x00007ffacb690000 - 0x00007ffacb6b6000 	C:\Program Files\Java\jdk-19\bin\java.dll

dbghelp: loaded successfully - version: 4.0.5 - missing functions: none
symbol engine: initialized successfully - sym options: 0x614 - pdb path: .;C:\Program Files\Java\jdk-19\bin;C:\Windows\SYSTEM32;C:\Windows\WinSxS\amd64_microsoft.windows.common-controls_6595b64144ccf1df_6.0.19041.1110_none_60b5254171f9507e;C:\Program Files\Java\jdk-19\bin\server

VM Arguments:
jvm_args: -Dfile.encoding=UTF-8 -XX:+ShowCodeDetailsInExceptionMessages 
java_command: WebElementMethods.SendKeys3
java_class_path (initial): C:\Users\omsai\git\repository2\6csa5_new\bin;C:\Users\omsai\git\repository2\6csa5_new\selenium-server-4.9.0.jar
Launcher Type: SUN_STANDARD

[Global flags]
     intx CICompilerCount                          = 3                                         {product} {ergonomic}
     uint ConcGCThreads                            = 1                                         {product} {ergonomic}
     uint G1ConcRefinementThreads                  = 4                                         {product} {ergonomic}
   size_t G1HeapRegionSize                         = 1048576                                   {product} {ergonomic}
    uintx GCDrainStackTargetSize                   = 64                                        {product} {ergonomic}
   size_t InitialHeapSize                          = 96468992                                  {product} {ergonomic}
   size_t MarkStackSize                            = 4194304                                   {product} {ergonomic}
   size_t MaxHeapSize                              = 1522532352                                {product} {ergonomic}
   size_t MinHeapDeltaBytes                        = 1048576                                   {product} {ergonomic}
   size_t MinHeapSize                              = 8388608                                   {product} {ergonomic}
    uintx NonNMethodCodeHeapSize                   = 5832780                                {pd product} {ergonomic}
    uintx NonProfiledCodeHeapSize                  = 122912730                              {pd product} {ergonomic}
    uintx ProfiledCodeHeapSize                     = 122912730                              {pd product} {ergonomic}
    uintx ReservedCodeCacheSize                    = 251658240                              {pd product} {ergonomic}
     bool SegmentedCodeCache                       = true                                      {product} {ergonomic}
     bool ShowCodeDetailsInExceptionMessages       = true                                   {manageable} {command line}
   size_t SoftMaxHeapSize                          = 1522532352                             {manageable} {ergonomic}
     bool UseCompressedClassPointers               = true                           {product lp64_product} {ergonomic}
     bool UseCompressedOops                        = true                           {product lp64_product} {ergonomic}
     bool UseG1GC                                  = true                                      {product} {ergonomic}
     bool UseLargePagesIndividualAllocation        = false                                  {pd product} {ergonomic}

Logging:
Log output configuration:
 #0: stdout all=warning uptime,level,tags foldmultilines=false
 #1: stderr all=off uptime,level,tags foldmultilines=false

Environment Variables:
PATH=C:\Program Files\Common Files\Oracle\Java\javapath;C:\oracle\product\10.2.0\db_1\bin;C:\Program Files (x86)\Common Files\Oracle\Java\javapath;C:\Windows\system32;C:\Windows;C:\Windows\System32\Wbem;C:\Windows\System32\WindowsPowerShell\v1.0\;C:\Windows\System32\OpenSSH\;C:\Program Files\dotnet\;C:\Program Files\Java\jdk-19\bin;C:\Users\omsai\AppData\Local\Microsoft\WindowsApps;;C:\Users\omsai\AppData\Local\Programs\Microsoft VS Code\bin
USERNAME=omsai
OS=Windows_NT
PROCESSOR_IDENTIFIER=Intel64 Family 6 Model 37 Stepping 2, GenuineIntel
TMP=C:\Users\omsai\AppData\Local\Temp
TEMP=C:\Users\omsai\AppData\Local\Temp



---------------  S Y S T E M  ---------------

OS:
 Windows 10 , 64 bit Build 19041 (10.0.19041.2546)
OS uptime: 6 days 23:45 hours

CPU: total 4 (initial active 4) (2 cores per cpu, 2 threads per core) family 6 model 37 stepping 2 microcode 0x11, cx8, cmov, fxsr, ht, mmx, sse, sse2, sse3, ssse3, sse4.1, sse4.2, popcnt, tsc, tscinvbit, clflush, rdtscp

Memory: 4k page, system-wide physical 5806M (250M free)
TotalPageFile size 13330M (AvailPageFile size 0M)
current process WorkingSet (physical memory assigned to process): 9M, peak: 9M
current process commit charge ("private bytes"): 51M, peak: 143M

vm_info: Java HotSpot(TM) 64-Bit Server VM (19.0.2+7-44) for windows-amd64 JRE (19.0.2+7-44), built on 2022-11-30T18:02:09Z by "mach5one" with MS VC++ 17.1 (VS2022)

END.
