#
# There is insufficient memory for the Java Runtime Environment to continue.
# Native memory allocation (malloc) failed to allocate 32744 bytes for Chunk::new
# Possible reasons:
#   The system is out of physical RAM or swap space
#   The process is running with CompressedOops enabled, and the Java Heap may be blocking the growth of the native heap
# Possible solutions:
#   Reduce memory load on the system
#   Increase physical memory or swap space
#   Check if swap backing store is full
#   Decrease Java heap size (-Xmx/-Xms)
#   Decrease number of Java threads
#   Decrease Java thread stack sizes (-Xss)
#   Set larger code cache with -XX:ReservedCodeCacheSize=
#   JVM is running with Unscaled Compressed Oops mode in which the Java heap is
#     placed in the first 4GB address space. The Java Heap base address is the
#     maximum limit for the native heap growth. Please use -XX:HeapBaseMinAddress
#     to set the Java Heap base and to place the Java Heap above 4GB virtual address.
# This output file may be truncated or incomplete.
#
#  Out of Memory Error (arena.cpp:184), pid=616, tid=11232
#
# JRE version: Java(TM) SE Runtime Environment (19.0.2+7) (build 19.0.2+7-44)
# Java VM: Java HotSpot(TM) 64-Bit Server VM (19.0.2+7-44, mixed mode, sharing, tiered, compressed oops, compressed class ptrs, g1 gc, windows-amd64)
# No core dump will be written. Minidumps are not enabled by default on client versions of Windows
#

---------------  S U M M A R Y ------------

Command Line: -Dfile.encoding=UTF-8 -XX:+ShowCodeDetailsInExceptionMessages WebElementMethods.SendKeys3

Host: Intel(R) Core(TM) i3 CPU       M 330  @ 2.13GHz, 4 cores, 5G,  Windows 10 , 64 bit Build 19041 (10.0.19041.2546)
Time: Thu Jun 15 20:14:00 2023 India Standard Time elapsed time: 10.055009 seconds (0d 0h 0m 10s)

---------------  T H R E A D  ---------------

Current thread (0x0000020422b2c320):  JavaThread "C2 CompilerThread0" daemon [_thread_in_native, id=11232, stack(0x000000fec0600000,0x000000fec0700000)]


Current CompileTask:
C2:  10055   11       4       java.lang.StringLatin1::hashCode (42 bytes)

Stack: [0x000000fec0600000,0x000000fec0700000]
Native frames: (J=compiled Java code, j=interpreted, Vv=VM code, C=native code)
V  [jvm.dll+0x6ee21a]
V  [jvm.dll+0x85765e]
V  [jvm.dll+0x85904e]
V  [jvm.dll+0x859703]
V  [jvm.dll+0x28298f]
V  [jvm.dll+0xc9adf]
V  [jvm.dll+0xc9e65]
V  [jvm.dll+0x713bec]
V  [jvm.dll+0x24af31]
V  [jvm.dll+0x1d6ce1]
V  [jvm.dll+0x25b25a]
V  [jvm.dll+0x2596e8]
V  [jvm.dll+0x807588]
V  [jvm.dll+0x80125a]
V  [jvm.dll+0x6ecf0b]
C  [ucrtbase.dll+0x21bb2]
C  [KERNEL32.DLL+0x17614]
C  [ntdll.dll+0x526a1]


---------------  P R O C E S S  ---------------

Threads class SMR info:
_java_thread_list=0x0000020426dbdce0, length=12, elements={
0x00000204041d74b0, 0x0000020422b21510, 0x0000020422b26120, 0x0000020422b27710,
0x0000020422b29050, 0x0000020422b29980, 0x0000020422b2b6c0, 0x0000020422b2c320,
0x0000020422ba18a0, 0x0000020422ba5e40, 0x0000020426db4500, 0x0000020422bbd9d0
}

Java Threads: ( => current thread )
  0x00000204041d74b0 JavaThread "main" [_thread_in_vm, id=16832, stack(0x000000febf900000,0x000000febfa00000)]
  0x0000020422b21510 JavaThread "Reference Handler" daemon [_thread_blocked, id=14704, stack(0x000000fec0000000,0x000000fec0100000)]
  0x0000020422b26120 JavaThread "Finalizer" daemon [_thread_blocked, id=10336, stack(0x000000fec0100000,0x000000fec0200000)]
  0x0000020422b27710 JavaThread "Signal Dispatcher" daemon [_thread_blocked, id=12460, stack(0x000000fec0200000,0x000000fec0300000)]
  0x0000020422b29050 JavaThread "Attach Listener" daemon [_thread_blocked, id=12464, stack(0x000000fec0300000,0x000000fec0400000)]
  0x0000020422b29980 JavaThread "Service Thread" daemon [_thread_blocked, id=3412, stack(0x000000fec0400000,0x000000fec0500000)]
  0x0000020422b2b6c0 JavaThread "Monitor Deflation Thread" daemon [_thread_blocked, id=7740, stack(0x000000fec0500000,0x000000fec0600000)]
=>0x0000020422b2c320 JavaThread "C2 CompilerThread0" daemon [_thread_in_native, id=11232, stack(0x000000fec0600000,0x000000fec0700000)]
  0x0000020422ba18a0 JavaThread "C1 CompilerThread0" daemon [_thread_blocked, id=1088, stack(0x000000fec0700000,0x000000fec0800000)]
  0x0000020422ba5e40 JavaThread "Sweeper thread" daemon [_thread_blocked, id=6188, stack(0x000000fec0800000,0x000000fec0900000)]
  0x0000020426db4500 JavaThread "Notification Thread" daemon [_thread_blocked, id=13792, stack(0x000000fec0900000,0x000000fec0a00000)]
  0x0000020422bbd9d0 JavaThread "Common-Cleaner" daemon [_thread_blocked, id=6500, stack(0x000000fec0b00000,0x000000fec0c00000)]

Other Threads:
  0x0000020422b05570 VMThread "VM Thread" [stack: 0x000000febff00000,0x000000fec0000000] [id=12784] _threads_hazard_ptr=0x0000020426dbdce0
  0x0000020426dbca70 WatcherThread "VM Periodic Task Thread" [stack: 0x000000fec0a00000,0x000000fec0b00000] [id=11988]
  0x0000020404227970 WorkerThread "GC Thread#0" [stack: 0x000000febfa00000,0x000000febfb00000] [id=11568]
  0x0000020404234d70 ConcurrentGCThread "G1 Main Marker" [stack: 0x000000febfb00000,0x000000febfc00000] [id=4980]
  0x00000204042356b0 WorkerThread "G1 Conc#0" [stack: 0x000000febfc00000,0x000000febfd00000] [id=568]
  0x00000204042a4530 ConcurrentGCThread "G1 Refine#0" [stack: 0x000000febfd00000,0x000000febfe00000] [id=14696]
  0x00000204042a6fa0 ConcurrentGCThread "G1 Service" [stack: 0x000000febfe00000,0x000000febff00000] [id=6092]

Threads with active compile tasks:
C2 CompilerThread0    18678   11       4       java.lang.StringLatin1::hashCode (42 bytes)

VM state: synchronizing (normal execution)

VM Mutex/Monitor currently owned by a thread:  ([mutex/lock_event])
[0x00000204041d0b70] Metaspace_lock - owner thread: 0x00000204041d74b0
[0x00000204041d3080] Threads_lock - owner thread: 0x0000020422b05570

Heap address: 0x00000000a5400000, size: 1452 MB, Compressed Oops mode: 32-bit

CDS archive(s) mapped at: [0x0000000800000000-0x0000000800c40000-0x0000000800c40000), size 12845056, SharedBaseAddress: 0x0000000800000000, ArchiveRelocationMode: 0.
Compressed class space mapped at: 0x0000000801000000-0x0000000841000000, reserved size: 1073741824
Narrow klass base: 0x0000000800000000, Narrow klass shift: 0, Narrow klass range: 0x100000000

GC Precious Log:
 CardTable entry size: 512
 Card Set container configuration: InlinePtr #cards 5 size 8 Array Of Cards #cards 12 size 40 Howl #buckets 4 coarsen threshold 1843 Howl Bitmap #cards 512 size 80 coarsen threshold 460 Card regions per heap region 1 cards per card region 2048
 CPUs: 4 total, 4 available
 Memory: 5806M
 Large Page Support: Disabled
 NUMA Support: Disabled
 Compressed Oops: Enabled (32-bit)
 Heap Region Size: 1M
 Heap Min Capacity: 8M
 Heap Initial Capacity: 92M
 Heap Max Capacity: 1452M
 Pre-touch: Disabled
 Parallel Workers: 4
 Concurrent Workers: 1
 Concurrent Refinement Workers: 4
 Periodic GC: Disabled

Heap:
 garbage-first heap   total 94208K, used 1024K [0x00000000a5400000, 0x0000000100000000)
  region size 1024K, 2 young (2048K), 0 survivors (0K)
 Metaspace       used 130K, committed 256K, reserved 1114112K
  class space    used 3K, committed 64K, reserved 1048576K

Heap Regions: E=young(eden), S=young(survivor), O=old, HS=humongous(starts), HC=humongous(continues), CS=collection set, F=free, OA=open archive, CA=closed archive, TAMS=top-at-mark-start (previous, next)
|   0|0x00000000a5400000, 0x00000000a5400000, 0x00000000a5500000|  0%| F|  |TAMS 0x00000000a5400000, 0x00000000a5400000| Untracked 
|   1|0x00000000a5500000, 0x00000000a5500000, 0x00000000a5600000|  0%| F|  |TAMS 0x00000000a5500000, 0x00000000a5500000| Untracked 
|   2|0x00000000a5600000, 0x00000000a5600000, 0x00000000a5700000|  0%| F|  |TAMS 0x00000000a5600000, 0x00000000a5600000| Untracked 
|   3|0x00000000a5700000, 0x00000000a5700000, 0x00000000a5800000|  0%| F|  |TAMS 0x00000000a5700000, 0x00000000a5700000| Untracked 
|   4|0x00000000a5800000, 0x00000000a5800000, 0x00000000a5900000|  0%| F|  |TAMS 0x00000000a5800000, 0x00000000a5800000| Untracked 
|   5|0x00000000a5900000, 0x00000000a5900000, 0x00000000a5a00000|  0%| F|  |TAMS 0x00000000a5900000, 0x00000000a5900000| Untracked 
|   6|0x00000000a5a00000, 0x00000000a5a00000, 0x00000000a5b00000|  0%| F|  |TAMS 0x00000000a5a00000, 0x00000000a5a00000| Untracked 
|   7|0x00000000a5b00000, 0x00000000a5b00000, 0x00000000a5c00000|  0%| F|  |TAMS 0x00000000a5b00000, 0x00000000a5b00000| Untracked 
|   8|0x00000000a5c00000, 0x00000000a5c00000, 0x00000000a5d00000|  0%| F|  |TAMS 0x00000000a5c00000, 0x00000000a5c00000| Untracked 
|   9|0x00000000a5d00000, 0x00000000a5d00000, 0x00000000a5e00000|  0%| F|  |TAMS 0x00000000a5d00000, 0x00000000a5d00000| Untracked 
|  10|0x00000000a5e00000, 0x00000000a5e00000, 0x00000000a5f00000|  0%| F|  |TAMS 0x00000000a5e00000, 0x00000000a5e00000| Untracked 
|  11|0x00000000a5f00000, 0x00000000a5f00000, 0x00000000a6000000|  0%| F|  |TAMS 0x00000000a5f00000, 0x00000000a5f00000| Untracked 
|  12|0x00000000a6000000, 0x00000000a6000000, 0x00000000a6100000|  0%| F|  |TAMS 0x00000000a6000000, 0x00000000a6000000| Untracked 
|  13|0x00000000a6100000, 0x00000000a6100000, 0x00000000a6200000|  0%| F|  |TAMS 0x00000000a6100000, 0x00000000a6100000| Untracked 
|  14|0x00000000a6200000, 0x00000000a6200000, 0x00000000a6300000|  0%| F|  |TAMS 0x00000000a6200000, 0x00000000a6200000| Untracked 
|  15|0x00000000a6300000, 0x00000000a6300000, 0x00000000a6400000|  0%| F|  |TAMS 0x00000000a6300000, 0x00000000a6300000| Untracked 
|  16|0x00000000a6400000, 0x00000000a6400000, 0x00000000a6500000|  0%| F|  |TAMS 0x00000000a6400000, 0x00000000a6400000| Untracked 
|  17|0x00000000a6500000, 0x00000000a6500000, 0x00000000a6600000|  0%| F|  |TAMS 0x00000000a6500000, 0x00000000a6500000| Untracked 
|  18|0x00000000a6600000, 0x00000000a6600000, 0x00000000a6700000|  0%| F|  |TAMS 0x00000000a6600000, 0x00000000a6600000| Untracked 
|  19|0x00000000a6700000, 0x00000000a6700000, 0x00000000a6800000|  0%| F|  |TAMS 0x00000000a6700000, 0x00000000a6700000| Untracked 
|  20|0x00000000a6800000, 0x00000000a6800000, 0x00000000a6900000|  0%| F|  |TAMS 0x00000000a6800000, 0x00000000a6800000| Untracked 
|  21|0x00000000a6900000, 0x00000000a6900000, 0x00000000a6a00000|  0%| F|  |TAMS 0x00000000a6900000, 0x00000000a6900000| Untracked 
|  22|0x00000000a6a00000, 0x00000000a6a00000, 0x00000000a6b00000|  0%| F|  |TAMS 0x00000000a6a00000, 0x00000000a6a00000| Untracked 
|  23|0x00000000a6b00000, 0x00000000a6b00000, 0x00000000a6c00000|  0%| F|  |TAMS 0x00000000a6b00000, 0x00000000a6b00000| Untracked 
|  24|0x00000000a6c00000, 0x00000000a6c00000, 0x00000000a6d00000|  0%| F|  |TAMS 0x00000000a6c00000, 0x00000000a6c00000| Untracked 
|  25|0x00000000a6d00000, 0x00000000a6d00000, 0x00000000a6e00000|  0%| F|  |TAMS 0x00000000a6d00000, 0x00000000a6d00000| Untracked 
|  26|0x00000000a6e00000, 0x00000000a6e00000, 0x00000000a6f00000|  0%| F|  |TAMS 0x00000000a6e00000, 0x00000000a6e00000| Untracked 
|  27|0x00000000a6f00000, 0x00000000a6f00000, 0x00000000a7000000|  0%| F|  |TAMS 0x00000000a6f00000, 0x00000000a6f00000| Untracked 
|  28|0x00000000a7000000, 0x00000000a7000000, 0x00000000a7100000|  0%| F|  |TAMS 0x00000000a7000000, 0x00000000a7000000| Untracked 
|  29|0x00000000a7100000, 0x00000000a7100000, 0x00000000a7200000|  0%| F|  |TAMS 0x00000000a7100000, 0x00000000a7100000| Untracked 
|  30|0x00000000a7200000, 0x00000000a7200000, 0x00000000a7300000|  0%| F|  |TAMS 0x00000000a7200000, 0x00000000a7200000| Untracked 
|  31|0x00000000a7300000, 0x00000000a7300000, 0x00000000a7400000|  0%| F|  |TAMS 0x00000000a7300000, 0x00000000a7300000| Untracked 
|  32|0x00000000a7400000, 0x00000000a7400000, 0x00000000a7500000|  0%| F|  |TAMS 0x00000000a7400000, 0x00000000a7400000| Untracked 
|  33|0x00000000a7500000, 0x00000000a7500000, 0x00000000a7600000|  0%| F|  |TAMS 0x00000000a7500000, 0x00000000a7500000| Untracked 
|  34|0x00000000a7600000, 0x00000000a7600000, 0x00000000a7700000|  0%| F|  |TAMS 0x00000000a7600000, 0x00000000a7600000| Untracked 
|  35|0x00000000a7700000, 0x00000000a7700000, 0x00000000a7800000|  0%| F|  |TAMS 0x00000000a7700000, 0x00000000a7700000| Untracked 
|  36|0x00000000a7800000, 0x00000000a7800000, 0x00000000a7900000|  0%| F|  |TAMS 0x00000000a7800000, 0x00000000a7800000| Untracked 
|  37|0x00000000a7900000, 0x00000000a7900000, 0x00000000a7a00000|  0%| F|  |TAMS 0x00000000a7900000, 0x00000000a7900000| Untracked 
|  38|0x00000000a7a00000, 0x00000000a7a00000, 0x00000000a7b00000|  0%| F|  |TAMS 0x00000000a7a00000, 0x00000000a7a00000| Untracked 
|  39|0x00000000a7b00000, 0x00000000a7b00000, 0x00000000a7c00000|  0%| F|  |TAMS 0x00000000a7b00000, 0x00000000a7b00000| Untracked 
|  40|0x00000000a7c00000, 0x00000000a7c00000, 0x00000000a7d00000|  0%| F|  |TAMS 0x00000000a7c00000, 0x00000000a7c00000| Untracked 
|  41|0x00000000a7d00000, 0x00000000a7d00000, 0x00000000a7e00000|  0%| F|  |TAMS 0x00000000a7d00000, 0x00000000a7d00000| Untracked 
|  42|0x00000000a7e00000, 0x00000000a7e00000, 0x00000000a7f00000|  0%| F|  |TAMS 0x00000000a7e00000, 0x00000000a7e00000| Untracked 
|  43|0x00000000a7f00000, 0x00000000a7f00000, 0x00000000a8000000|  0%| F|  |TAMS 0x00000000a7f00000, 0x00000000a7f00000| Untracked 
|  44|0x00000000a8000000, 0x00000000a8000000, 0x00000000a8100000|  0%| F|  |TAMS 0x00000000a8000000, 0x00000000a8000000| Untracked 
|  45|0x00000000a8100000, 0x00000000a8100000, 0x00000000a8200000|  0%| F|  |TAMS 0x00000000a8100000, 0x00000000a8100000| Untracked 
|  46|0x00000000a8200000, 0x00000000a8200000, 0x00000000a8300000|  0%| F|  |TAMS 0x00000000a8200000, 0x00000000a8200000| Untracked 
|  47|0x00000000a8300000, 0x00000000a8300000, 0x00000000a8400000|  0%| F|  |TAMS 0x00000000a8300000, 0x00000000a8300000| Untracked 
|  48|0x00000000a8400000, 0x00000000a8400000, 0x00000000a8500000|  0%| F|  |TAMS 0x00000000a8400000, 0x00000000a8400000| Untracked 
|  49|0x00000000a8500000, 0x00000000a8500000, 0x00000000a8600000|  0%| F|  |TAMS 0x00000000a8500000, 0x00000000a8500000| Untracked 
|  50|0x00000000a8600000, 0x00000000a8600000, 0x00000000a8700000|  0%| F|  |TAMS 0x00000000a8600000, 0x00000000a8600000| Untracked 
|  51|0x00000000a8700000, 0x00000000a8700000, 0x00000000a8800000|  0%| F|  |TAMS 0x00000000a8700000, 0x00000000a8700000| Untracked 
|  52|0x00000000a8800000, 0x00000000a8800000, 0x00000000a8900000|  0%| F|  |TAMS 0x00000000a8800000, 0x00000000a8800000| Untracked 
|  53|0x00000000a8900000, 0x00000000a8900000, 0x00000000a8a00000|  0%| F|  |TAMS 0x00000000a8900000, 0x00000000a8900000| Untracked 
|  54|0x00000000a8a00000, 0x00000000a8a00000, 0x00000000a8b00000|  0%| F|  |TAMS 0x00000000a8a00000, 0x00000000a8a00000| Untracked 
|  55|0x00000000a8b00000, 0x00000000a8b00000, 0x00000000a8c00000|  0%| F|  |TAMS 0x00000000a8b00000, 0x00000000a8b00000| Untracked 
|  56|0x00000000a8c00000, 0x00000000a8c00000, 0x00000000a8d00000|  0%| F|  |TAMS 0x00000000a8c00000, 0x00000000a8c00000| Untracked 
|  57|0x00000000a8d00000, 0x00000000a8d00000, 0x00000000a8e00000|  0%| F|  |TAMS 0x00000000a8d00000, 0x00000000a8d00000| Untracked 
|  58|0x00000000a8e00000, 0x00000000a8e00000, 0x00000000a8f00000|  0%| F|  |TAMS 0x00000000a8e00000, 0x00000000a8e00000| Untracked 
|  59|0x00000000a8f00000, 0x00000000a8f00000, 0x00000000a9000000|  0%| F|  |TAMS 0x00000000a8f00000, 0x00000000a8f00000| Untracked 
|  60|0x00000000a9000000, 0x00000000a9000000, 0x00000000a9100000|  0%| F|  |TAMS 0x00000000a9000000, 0x00000000a9000000| Untracked 
|  61|0x00000000a9100000, 0x00000000a9100000, 0x00000000a9200000|  0%| F|  |TAMS 0x00000000a9100000, 0x00000000a9100000| Untracked 
|  62|0x00000000a9200000, 0x00000000a9200000, 0x00000000a9300000|  0%| F|  |TAMS 0x00000000a9200000, 0x00000000a9200000| Untracked 
|  63|0x00000000a9300000, 0x00000000a9300000, 0x00000000a9400000|  0%| F|  |TAMS 0x00000000a9300000, 0x00000000a9300000| Untracked 
|  64|0x00000000a9400000, 0x00000000a9400000, 0x00000000a9500000|  0%| F|  |TAMS 0x00000000a9400000, 0x00000000a9400000| Untracked 
|  65|0x00000000a9500000, 0x00000000a9500000, 0x00000000a9600000|  0%| F|  |TAMS 0x00000000a9500000, 0x00000000a9500000| Untracked 
|  66|0x00000000a9600000, 0x00000000a9600000, 0x00000000a9700000|  0%| F|  |TAMS 0x00000000a9600000, 0x00000000a9600000| Untracked 
|  67|0x00000000a9700000, 0x00000000a9700000, 0x00000000a9800000|  0%| F|  |TAMS 0x00000000a9700000, 0x00000000a9700000| Untracked 
|  68|0x00000000a9800000, 0x00000000a9800000, 0x00000000a9900000|  0%| F|  |TAMS 0x00000000a9800000, 0x00000000a9800000| Untracked 
|  69|0x00000000a9900000, 0x00000000a9900000, 0x00000000a9a00000|  0%| F|  |TAMS 0x00000000a9900000, 0x00000000a9900000| Untracked 
|  70|0x00000000a9a00000, 0x00000000a9a00000, 0x00000000a9b00000|  0%| F|  |TAMS 0x00000000a9a00000, 0x00000000a9a00000| Untracked 
|  71|0x00000000a9b00000, 0x00000000a9b00000, 0x00000000a9c00000|  0%| F|  |TAMS 0x00000000a9b00000, 0x00000000a9b00000| Untracked 
|  72|0x00000000a9c00000, 0x00000000a9c00000, 0x00000000a9d00000|  0%| F|  |TAMS 0x00000000a9c00000, 0x00000000a9c00000| Untracked 
|  73|0x00000000a9d00000, 0x00000000a9d00000, 0x00000000a9e00000|  0%| F|  |TAMS 0x00000000a9d00000, 0x00000000a9d00000| Untracked 
|  74|0x00000000a9e00000, 0x00000000a9e00000, 0x00000000a9f00000|  0%| F|  |TAMS 0x00000000a9e00000, 0x00000000a9e00000| Untracked 
|  75|0x00000000a9f00000, 0x00000000a9f00000, 0x00000000aa000000|  0%| F|  |TAMS 0x00000000a9f00000, 0x00000000a9f00000| Untracked 
|  76|0x00000000aa000000, 0x00000000aa000000, 0x00000000aa100000|  0%| F|  |TAMS 0x00000000aa000000, 0x00000000aa000000| Untracked 
|  77|0x00000000aa100000, 0x00000000aa100000, 0x00000000aa200000|  0%| F|  |TAMS 0x00000000aa100000, 0x00000000aa100000| Untracked 
|  78|0x00000000aa200000, 0x00000000aa200000, 0x00000000aa300000|  0%| F|  |TAMS 0x00000000aa200000, 0x00000000aa200000| Untracked 
|  79|0x00000000aa300000, 0x00000000aa300000, 0x00000000aa400000|  0%| F|  |TAMS 0x00000000aa300000, 0x00000000aa300000| Untracked 
|  80|0x00000000aa400000, 0x00000000aa400000, 0x00000000aa500000|  0%| F|  |TAMS 0x00000000aa400000, 0x00000000aa400000| Untracked 
|  81|0x00000000aa500000, 0x00000000aa500000, 0x00000000aa600000|  0%| F|  |TAMS 0x00000000aa500000, 0x00000000aa500000| Untracked 
|  82|0x00000000aa600000, 0x00000000aa600000, 0x00000000aa700000|  0%| F|  |TAMS 0x00000000aa600000, 0x00000000aa600000| Untracked 
|  83|0x00000000aa700000, 0x00000000aa700000, 0x00000000aa800000|  0%| F|  |TAMS 0x00000000aa700000, 0x00000000aa700000| Untracked 
|  84|0x00000000aa800000, 0x00000000aa800000, 0x00000000aa900000|  0%| F|  |TAMS 0x00000000aa800000, 0x00000000aa800000| Untracked 
|  85|0x00000000aa900000, 0x00000000aa900000, 0x00000000aaa00000|  0%| F|  |TAMS 0x00000000aa900000, 0x00000000aa900000| Untracked 
|  86|0x00000000aaa00000, 0x00000000aaa00000, 0x00000000aab00000|  0%| F|  |TAMS 0x00000000aaa00000, 0x00000000aaa00000| Untracked 
|  87|0x00000000aab00000, 0x00000000aab00000, 0x00000000aac00000|  0%| F|  |TAMS 0x00000000aab00000, 0x00000000aab00000| Untracked 
|  88|0x00000000aac00000, 0x00000000aac00000, 0x00000000aad00000|  0%| F|  |TAMS 0x00000000aac00000, 0x00000000aac00000| Untracked 
|  89|0x00000000aad00000, 0x00000000aad00000, 0x00000000aae00000|  0%| F|  |TAMS 0x00000000aad00000, 0x00000000aad00000| Untracked 
|  90|0x00000000aae00000, 0x00000000aae85ac8, 0x00000000aaf00000| 52%| E|  |TAMS 0x00000000aae00000, 0x00000000aae00000| Complete 
|  91|0x00000000aaf00000, 0x00000000ab000000, 0x00000000ab000000|100%| E|CS|TAMS 0x00000000aaf00000, 0x00000000aaf00000| Complete 

Card table byte_map: [0x000002041d230000,0x000002041d510000] _byte_map_base: 0x000002041cd06000

Marking Bits (Prev, Next): (CMBitMap*) 0x0000020404228ec0, (CMBitMap*) 0x0000020404228f00
 Prev Bits: [0x000002041d7f0000, 0x000002041eea0000)
 Next Bits: [0x000002041eea0000, 0x0000020420550000)

Polling page: 0x00000204042b0000

Metaspace:

Usage:
  Non-class:    127.23 KB used.
      Class:      3.52 KB used.
       Both:    130.74 KB used.

Virtual space:
  Non-class space:       64.00 MB reserved,     192.00 KB ( <1%) committed,  1 nodes.
      Class space:        1.00 GB reserved,      64.00 KB ( <1%) committed,  1 nodes.
             Both:        1.06 GB reserved,     256.00 KB ( <1%) committed. 

Chunk freelists:
   Non-Class:  4.00 MB
       Class:  3.75 MB
        Both:  7.74 MB

MaxMetaspaceSize: unlimited
CompressedClassSpaceSize: 1.00 GB
Initial GC threshold: 21.00 MB
Current GC threshold: 21.00 MB
CDS: on
MetaspaceReclaimPolicy: balanced
 - commit_granule_bytes: 65536.
 - commit_granule_words: 8192.
 - virtual_space_node_default_size: 8388608.
 - enlarge_chunks_in_place: 1.
 - new_chunks_are_fully_committed: 0.
 - uncommit_free_chunks: 1.
 - use_allocation_guard: 0.


Internal statistics:

num_allocs_failed_limit: 0.
num_arena_births: 4.
num_arena_deaths: 0.
num_vsnodes_births: 2.
num_vsnodes_deaths: 0.
num_space_committed: 4.
num_space_uncommitted: 0.
num_chunks_returned_to_freelist: 0.
num_chunks_taken_from_freelist: 4.
num_chunk_merges: 0.
num_chunk_splits: 2.
num_chunks_enlarged: 0.
num_inconsistent_stats: 0.

CodeHeap 'non-profiled nmethods': size=120000Kb used=11Kb max_used=11Kb free=119988Kb
 bounds [0x00000204153f0000, 0x0000020415660000, 0x000002041c920000]
CodeHeap 'profiled nmethods': size=120000Kb used=71Kb max_used=71Kb free=119928Kb
 bounds [0x000002040d920000, 0x000002040db90000, 0x0000020414e50000]
CodeHeap 'non-nmethods': size=5760Kb used=1122Kb max_used=1122Kb free=4637Kb
 bounds [0x0000020414e50000, 0x00000204150c0000, 0x00000204153f0000]
 total_blobs=354 nmethods=56 adapters=210
 compilation: enabled
              stopped_count=0, restarted_count=0
 full_count=0

Compilation events (14 events):
Event: 9.425 Thread 0x0000020422ba18a0    1       3       java.lang.Object::<init> (1 bytes)
Event: 9.426 Thread 0x0000020422ba18a0 nmethod 1 0x000002040d920010 code [0x000002040d9201a0, 0x000002040d9202b8]
Event: 9.426 Thread 0x0000020422ba18a0    3       3       java.lang.String::isLatin1 (19 bytes)
Event: 9.426 Thread 0x0000020422ba18a0 nmethod 3 0x000002040d920390 code [0x000002040d920520, 0x000002040d920698]
Event: 9.426 Thread 0x0000020422ba18a0    4       3       java.lang.StringLatin1::hashCode (42 bytes)
Event: 9.427 Thread 0x0000020422ba18a0 nmethod 4 0x000002040d920710 code [0x000002040d9208c0, 0x000002040d920a78]
Event: 9.427 Thread 0x0000020422ba18a0    2       3       java.lang.String::hashCode (60 bytes)
Event: 9.427 Thread 0x0000020422ba18a0 nmethod 2 0x000002040d920b90 code [0x000002040d920d60, 0x000002040d9210d8]
Event: 9.428 Thread 0x0000020422ba18a0    5       3       java.lang.Math::floorMod (20 bytes)
Event: 9.428 Thread 0x0000020422ba18a0 nmethod 5 0x000002040d921190 code [0x000002040d921340, 0x000002040d9214f8]
Event: 9.428 Thread 0x0000020422ba18a0    6       3       java.util.ImmutableCollections$SetN::probe (56 bytes)
Event: 9.429 Thread 0x0000020422ba18a0 nmethod 6 0x000002040d921590 code [0x000002040d921780, 0x000002040d921cd8]
Event: 9.429 Thread 0x0000020422ba18a0    7       3       java.lang.String::charAt (25 bytes)
Event: 9.433 Thread 0x0000020422b2c320   11       4       java.lang.StringLatin1::hashCode (42 bytes)

GC Heap History (0 events):
No events

Dll operation events (2 events):
Event: 3.014 Loaded shared library C:\Program Files\Java\jdk-19\bin\java.dll
Event: 8.484 Loaded shared library C:\Program Files\Java\jdk-19\bin\jsvml.dll

Deoptimization events (0 events):
No events

Classes loaded (0 events):
No events

Classes unloaded (0 events):
No events

Classes redefined (0 events):
No events

Internal exceptions (0 events):
No events

VM Operations (0 events):
No events

Events (10 events):
Event: 8.484 Thread 0x00000204041d74b0 Thread added: 0x00000204041d74b0
Event: 9.358 Thread 0x0000020422b21510 Thread added: 0x0000020422b21510
Event: 9.359 Thread 0x0000020422b26120 Thread added: 0x0000020422b26120
Event: 9.359 Thread 0x0000020422b27710 Thread added: 0x0000020422b27710
Event: 9.360 Thread 0x0000020422b29050 Thread added: 0x0000020422b29050
Event: 9.360 Thread 0x0000020422b29980 Thread added: 0x0000020422b29980
Event: 9.360 Thread 0x0000020422b2b6c0 Thread added: 0x0000020422b2b6c0
Event: 9.360 Thread 0x0000020422b2c320 Thread added: 0x0000020422b2c320
Event: 9.387 Thread 0x0000020422ba18a0 Thread added: 0x0000020422ba18a0
Event: 9.405 Thread 0x0000020422ba5e40 Thread added: 0x0000020422ba5e40


Dynamic libraries:
0x00007ff74c030000 - 0x00007ff74c040000 	C:\Program Files\Java\jdk-19\bin\javaw.exe
0x00007ffad9f50000 - 0x00007ffada148000 	C:\Windows\SYSTEM32\ntdll.dll
0x00007ffad9280000 - 0x00007ffad933f000 	C:\Windows\System32\KERNEL32.DLL
0x00007ffad7650000 - 0x00007ffad7922000 	C:\Windows\System32\KERNELBASE.dll
0x00007ffad79d0000 - 0x00007ffad7ad0000 	C:\Windows\System32\ucrtbase.dll
0x00007ffacc720000 - 0x00007ffacc738000 	C:\Program Files\Java\jdk-19\bin\jli.dll
0x00007ffad80e0000 - 0x00007ffad818e000 	C:\Windows\System32\ADVAPI32.dll
0x00007ffad8270000 - 0x00007ffad830e000 	C:\Windows\System32\msvcrt.dll
0x00007ffad9340000 - 0x00007ffad93dc000 	C:\Windows\System32\sechost.dll
0x00007ffad8fa0000 - 0x00007ffad90c4000 	C:\Windows\System32\RPCRT4.dll
0x00007ffad9cb0000 - 0x00007ffad9e51000 	C:\Windows\System32\USER32.dll
0x00007ffad7b20000 - 0x00007ffad7b42000 	C:\Windows\System32\win32u.dll
0x00007ffad8380000 - 0x00007ffad83ab000 	C:\Windows\System32\GDI32.dll
0x00007ffad7b50000 - 0x00007ffad7c5f000 	C:\Windows\System32\gdi32full.dll
0x00007ffad7f00000 - 0x00007ffad7f9d000 	C:\Windows\System32\msvcp_win.dll
0x00007ffac9780000 - 0x00007ffac9a1a000 	C:\Windows\WinSxS\amd64_microsoft.windows.common-controls_6595b64144ccf1df_6.0.19041.1110_none_60b5254171f9507e\COMCTL32.dll
0x00007ffac9cf0000 - 0x00007ffac9cfa000 	C:\Windows\SYSTEM32\VERSION.dll
0x00007ffacb980000 - 0x00007ffacb99b000 	C:\Program Files\Java\jdk-19\bin\VCRUNTIME140.dll
0x00007ffad85c0000 - 0x00007ffad85f0000 	C:\Windows\System32\IMM32.DLL
0x00007ffad3510000 - 0x00007ffad351c000 	C:\Program Files\Java\jdk-19\bin\vcruntime140_1.dll
0x00007ffacb8f0000 - 0x00007ffacb97e000 	C:\Program Files\Java\jdk-19\bin\msvcp140.dll
0x00007ffaac190000 - 0x00007ffaace50000 	C:\Program Files\Java\jdk-19\bin\server\jvm.dll
0x00007ffad2830000 - 0x00007ffad2839000 	C:\Windows\SYSTEM32\WSOCK32.dll
0x00007ffad8310000 - 0x00007ffad837b000 	C:\Windows\System32\WS2_32.dll
0x00007ffacb6e0000 - 0x00007ffacb707000 	C:\Windows\SYSTEM32\WINMM.dll
0x00007ffad5510000 - 0x00007ffad5522000 	C:\Windows\SYSTEM32\kernel.appcore.dll
0x00007ffad2620000 - 0x00007ffad262a000 	C:\Program Files\Java\jdk-19\bin\jimage.dll
0x00007ffac7c70000 - 0x00007ffac7e54000 	C:\Windows\SYSTEM32\DBGHELP.DLL
0x00007ffac7c30000 - 0x00007ffac7c65000 	C:\Windows\SYSTEM32\dbgcore.DLL
0x00007ffad7dc0000 - 0x00007ffad7e42000 	C:\Windows\System32\bcryptPrimitives.dll
0x00007ffacb690000 - 0x00007ffacb6b6000 	C:\Program Files\Java\jdk-19\bin\java.dll
0x00007ffac5ad0000 - 0x00007ffac5ba7000 	C:\Program Files\Java\jdk-19\bin\jsvml.dll
0x00007ffad8600000 - 0x00007ffad8d45000 	C:\Windows\System32\SHELL32.dll
0x00007ffad5710000 - 0x00007ffad5ea2000 	C:\Windows\SYSTEM32\windows.storage.dll
0x00007ffad98b0000 - 0x00007ffad9c05000 	C:\Windows\System32\combase.dll
0x00007ffad70b0000 - 0x00007ffad70e0000 	C:\Windows\SYSTEM32\Wldp.dll
0x00007ffad8030000 - 0x00007ffad80dd000 	C:\Windows\System32\SHCORE.dll
0x00007ffad84e0000 - 0x00007ffad8535000 	C:\Windows\System32\shlwapi.dll
0x00007ffad7590000 - 0x00007ffad75af000 	C:\Windows\SYSTEM32\profapi.dll

dbghelp: loaded successfully - version: 4.0.5 - missing functions: none
symbol engine: initialized successfully - sym options: 0x614 - pdb path: .;C:\Program Files\Java\jdk-19\bin;C:\Windows\SYSTEM32;C:\Windows\WinSxS\amd64_microsoft.windows.common-controls_6595b64144ccf1df_6.0.19041.1110_none_60b5254171f9507e;C:\Program Files\Java\jdk-19\bin\server

VM Arguments:
jvm_args: -Dfile.encoding=UTF-8 -XX:+ShowCodeDetailsInExceptionMessages 
java_command: WebElementMethods.SendKeys3
java_class_path (initial): C:\Users\omsai\git\repository2\6csa5_new\bin;C:\Users\omsai\git\repository2\6csa5_new\selenium-server-4.9.0.jar
Launcher Type: SUN_STANDARD

[Global flags]
     intx CICompilerCount                          = 3                                         {product} {ergonomic}
     uint ConcGCThreads                            = 1                                         {product} {ergonomic}
     uint G1ConcRefinementThreads                  = 4                                         {product} {ergonomic}
   size_t G1HeapRegionSize                         = 1048576                                   {product} {ergonomic}
    uintx GCDrainStackTargetSize                   = 64                                        {product} {ergonomic}
   size_t InitialHeapSize                          = 96468992                                  {product} {ergonomic}
   size_t MarkStackSize                            = 4194304                                   {product} {ergonomic}
   size_t MaxHeapSize                              = 1522532352                                {product} {ergonomic}
   size_t MaxNewSize                               = 913309696                                 {product} {ergonomic}
   size_t MinHeapDeltaBytes                        = 1048576                                   {product} {ergonomic}
   size_t MinHeapSize                              = 8388608                                   {product} {ergonomic}
    uintx NonNMethodCodeHeapSize                   = 5832780                                {pd product} {ergonomic}
    uintx NonProfiledCodeHeapSize                  = 122912730                              {pd product} {ergonomic}
    uintx ProfiledCodeHeapSize                     = 122912730                              {pd product} {ergonomic}
    uintx ReservedCodeCacheSize                    = 251658240                              {pd product} {ergonomic}
     bool SegmentedCodeCache                       = true                                      {product} {ergonomic}
     bool ShowCodeDetailsInExceptionMessages       = true                                   {manageable} {command line}
   size_t SoftMaxHeapSize                          = 1522532352                             {manageable} {ergonomic}
     bool UseCompressedClassPointers               = true                           {product lp64_product} {ergonomic}
     bool UseCompressedOops                        = true                           {product lp64_product} {ergonomic}
     bool UseG1GC                                  = true                                      {product} {ergonomic}
     bool UseLargePagesIndividualAllocation        = false                                  {pd product} {ergonomic}

Logging:
Log output configuration:
 #0: stdout all=warning uptime,level,tags foldmultilines=false
 #1: stderr all=off uptime,level,tags foldmultilines=false

Environment Variables:
PATH=C:\Program Files\Common Files\Oracle\Java\javapath;C:\oracle\product\10.2.0\db_1\bin;C:\Program Files (x86)\Common Files\Oracle\Java\javapath;C:\Windows\system32;C:\Windows;C:\Windows\System32\Wbem;C:\Windows\System32\WindowsPowerShell\v1.0\;C:\Windows\System32\OpenSSH\;C:\Program Files\dotnet\;C:\Program Files\Java\jdk-19\bin;C:\Users\omsai\AppData\Local\Microsoft\WindowsApps;;C:\Users\omsai\AppData\Local\Programs\Microsoft VS Code\bin
USERNAME=omsai
OS=Windows_NT
PROCESSOR_IDENTIFIER=Intel64 Family 6 Model 37 Stepping 2, GenuineIntel
TMP=C:\Users\omsai\AppData\Local\Temp
TEMP=C:\Users\omsai\AppData\Local\Temp



---------------  S Y S T E M  ---------------

OS:
 Windows 10 , 64 bit Build 19041 (10.0.19041.2546)
OS uptime: 6 days 23:45 hours

CPU: total 4 (initial active 4) (2 cores per cpu, 2 threads per core) family 6 model 37 stepping 2 microcode 0x11, cx8, cmov, fxsr, ht, mmx, sse, sse2, sse3, ssse3, sse4.1, sse4.2, popcnt, tsc, tscinvbit, clflush, rdtscp

Memory: 4k page, system-wide physical 5806M (253M free)
TotalPageFile size 13330M (AvailPageFile size 0M)
current process WorkingSet (physical memory assigned to process): 25M, peak: 25M
current process commit charge ("private bytes"): 164M, peak: 164M

vm_info: Java HotSpot(TM) 64-Bit Server VM (19.0.2+7-44) for windows-amd64 JRE (19.0.2+7-44), built on 2022-11-30T18:02:09Z by "mach5one" with MS VC++ 17.1 (VS2022)

END.
