#
# There is insufficient memory for the Java Runtime Environment to continue.
# Native memory allocation (mmap) failed to map 65536 bytes for Failed to commit metaspace.
# Possible reasons:
#   The system is out of physical RAM or swap space
#   The process is running with CompressedOops enabled, and the Java Heap may be blocking the growth of the native heap
# Possible solutions:
#   Reduce memory load on the system
#   Increase physical memory or swap space
#   Check if swap backing store is full
#   Decrease Java heap size (-Xmx/-Xms)
#   Decrease number of Java threads
#   Decrease Java thread stack sizes (-Xss)
#   Set larger code cache with -XX:ReservedCodeCacheSize=
#   JVM is running with Unscaled Compressed Oops mode in which the Java heap is
#     placed in the first 4GB address space. The Java Heap base address is the
#     maximum limit for the native heap growth. Please use -XX:HeapBaseMinAddress
#     to set the Java Heap base and to place the Java Heap above 4GB virtual address.
# This output file may be truncated or incomplete.
#
#  Out of Memory Error (virtualSpaceNode.cpp:110), pid=7600, tid=8260
#
# JRE version: Java(TM) SE Runtime Environment (19.0.2+7) (build 19.0.2+7-44)
# Java VM: Java HotSpot(TM) 64-Bit Server VM (19.0.2+7-44, mixed mode, sharing, tiered, compressed oops, compressed class ptrs, g1 gc, windows-amd64)
# No core dump will be written. Minidumps are not enabled by default on client versions of Windows
#

---------------  S U M M A R Y ------------

Command Line: -Dfile.encoding=UTF-8 -XX:+ShowCodeDetailsInExceptionMessages WebElementMethods.SendKeys3

Host: Intel(R) Core(TM) i3 CPU       M 330  @ 2.13GHz, 4 cores, 5G,  Windows 10 , 64 bit Build 19041 (10.0.19041.2546)
Time: Thu Jun 15 20:14:03 2023 India Standard Time elapsed time: 136.692439 seconds (0d 0h 2m 16s)

---------------  T H R E A D  ---------------

Current thread (0x000002a1098376a0):  JavaThread "main" [_thread_in_vm, id=8260, stack(0x000000bbb0c00000,0x000000bbb0d00000)]

Stack: [0x000000bbb0c00000,0x000000bbb0d00000]
Native frames: (J=compiled Java code, j=interpreted, Vv=VM code, C=native code)
V  [jvm.dll+0x6ee21a]
V  [jvm.dll+0x85765e]
V  [jvm.dll+0x85904e]
V  [jvm.dll+0x859703]
V  [jvm.dll+0x28298f]
V  [jvm.dll+0x8532db]
V  [jvm.dll+0x692cb6]
V  [jvm.dll+0x692d1a]
V  [jvm.dll+0x695613]
V  [jvm.dll+0x6954de]
V  [jvm.dll+0x6936de]
V  [jvm.dll+0x6a4c39]
V  [jvm.dll+0x69dfb4]
V  [jvm.dll+0x3daab1]
C  0x000002a118cfe81e

Java frames: (J=compiled Java code, j=interpreted, Vv=VM code)
j  java.io.PrintStream.print(Ljava/lang/String;)V+0 java.base@19.0.2
j  java.lang.ThreadGroup.uncaughtException(Ljava/lang/Thread;Ljava/lang/Throwable;)V+75 java.base@19.0.2
j  java.lang.ThreadGroup.uncaughtException(Ljava/lang/Thread;Ljava/lang/Throwable;)V+13 java.base@19.0.2
j  java.lang.Thread.dispatchUncaughtException(Ljava/lang/Throwable;)V+6 java.base@19.0.2
v  ~StubRoutines::call_stub 0x000002a118ce1016

---------------  P R O C E S S  ---------------

Threads class SMR info:
_java_thread_list=0x000002a12a497e20, length=12, elements={
0x000002a1098376a0, 0x000002a12622df40, 0x000002a126231c30, 0x000002a126234d50,
0x000002a126235a40, 0x000002a126236370, 0x000002a126239cc0, 0x000002a12623c930,
0x000002a1262b0ac0, 0x000002a1262b11e0, 0x000002a12a494860, 0x000002a12a49b220
}

Java Threads: ( => current thread )
=>0x000002a1098376a0 JavaThread "main" [_thread_in_vm, id=8260, stack(0x000000bbb0c00000,0x000000bbb0d00000)]
  0x000002a12622df40 JavaThread "Reference Handler" daemon [_thread_blocked, id=8664, stack(0x000000bbb1300000,0x000000bbb1400000)]
  0x000002a126231c30 JavaThread "Finalizer" daemon [_thread_blocked, id=9476, stack(0x000000bbb1400000,0x000000bbb1500000)]
  0x000002a126234d50 JavaThread "Signal Dispatcher" daemon [_thread_blocked, id=1232, stack(0x000000bbb1500000,0x000000bbb1600000)]
  0x000002a126235a40 JavaThread "Attach Listener" daemon [_thread_blocked, id=11776, stack(0x000000bbb1600000,0x000000bbb1700000)]
  0x000002a126236370 JavaThread "Service Thread" daemon [_thread_blocked, id=12128, stack(0x000000bbb1700000,0x000000bbb1800000)]
  0x000002a126239cc0 JavaThread "Monitor Deflation Thread" daemon [_thread_blocked, id=14300, stack(0x000000bbb1800000,0x000000bbb1900000)]
  0x000002a12623c930 JavaThread "C2 CompilerThread0" daemon [_thread_blocked, id=11312, stack(0x000000bbb1900000,0x000000bbb1a00000)]
  0x000002a1262b0ac0 JavaThread "C1 CompilerThread0" daemon [_thread_blocked, id=12700, stack(0x000000bbb1a00000,0x000000bbb1b00000)]
  0x000002a1262b11e0 JavaThread "Sweeper thread" daemon [_thread_blocked, id=13488, stack(0x000000bbb1b00000,0x000000bbb1c00000)]
  0x000002a12a494860 JavaThread "Notification Thread" daemon [_thread_blocked, id=9160, stack(0x000000bbb1c00000,0x000000bbb1d00000)]
  0x000002a12a49b220 JavaThread "Common-Cleaner" daemon [_thread_blocked, id=10764, stack(0x000000bbb1e00000,0x000000bbb1f00000)]

Other Threads:
  0x000002a126214d80 VMThread "VM Thread" [stack: 0x000000bbb1200000,0x000000bbb1300000] [id=10064]
  0x000002a12a496db0 WatcherThread "VM Periodic Task Thread" [stack: 0x000000bbb1d00000,0x000000bbb1e00000] [id=6064]
  0x000002a109887970 WorkerThread "GC Thread#0" [stack: 0x000000bbb0d00000,0x000000bbb0e00000] [id=4540]
  0x000002a109893e50 ConcurrentGCThread "G1 Main Marker" [stack: 0x000000bbb0e00000,0x000000bbb0f00000] [id=7636]
  0x000002a109894880 WorkerThread "G1 Conc#0" [stack: 0x000000bbb0f00000,0x000000bbb1000000] [id=1584]
  0x000002a1098fed00 ConcurrentGCThread "G1 Refine#0" [stack: 0x000000bbb1000000,0x000000bbb1100000] [id=10704]
  0x000002a1098ff840 ConcurrentGCThread "G1 Service" [stack: 0x000000bbb1100000,0x000000bbb1200000] [id=6520]

Threads with active compile tasks:

VM state: not at safepoint (normal execution)

VM Mutex/Monitor currently owned by a thread:  ([mutex/lock_event])
[0x000002a109830f00] Metaspace_lock - owner thread: 0x000002a1098376a0

OutOfMemory and StackOverflow Exception counts:
OutOfMemoryError java_heap_errors=1
LinkageErrors=12

Heap address: 0x00000000a5400000, size: 1452 MB, Compressed Oops mode: 32-bit

CDS archive(s) mapped at: [0x0000000800000000-0x0000000800c40000-0x0000000800c40000), size 12845056, SharedBaseAddress: 0x0000000800000000, ArchiveRelocationMode: 0.
Compressed class space mapped at: 0x0000000801000000-0x0000000841000000, reserved size: 1073741824
Narrow klass base: 0x0000000800000000, Narrow klass shift: 0, Narrow klass range: 0x100000000

GC Precious Log:
 CardTable entry size: 512
 Card Set container configuration: InlinePtr #cards 5 size 8 Array Of Cards #cards 12 size 40 Howl #buckets 4 coarsen threshold 1843 Howl Bitmap #cards 512 size 80 coarsen threshold 460 Card regions per heap region 1 cards per card region 2048
 CPUs: 4 total, 4 available
 Memory: 5806M
 Large Page Support: Disabled
 NUMA Support: Disabled
 Compressed Oops: Enabled (32-bit)
 Heap Region Size: 1M
 Heap Min Capacity: 8M
 Heap Initial Capacity: 92M
 Heap Max Capacity: 1452M
 Pre-touch: Disabled
 Parallel Workers: 4
 Concurrent Workers: 1
 Concurrent Refinement Workers: 4
 Periodic GC: Disabled

Heap:
 garbage-first heap   total 94208K, used 8192K [0x00000000a5400000, 0x0000000100000000)
  region size 1024K, 7 young (7168K), 0 survivors (0K)
 Metaspace       used 3115K, committed 3264K, reserved 1114112K
  class space    used 335K, committed 448K, reserved 1048576K

Heap Regions: E=young(eden), S=young(survivor), O=old, HS=humongous(starts), HC=humongous(continues), CS=collection set, F=free, OA=open archive, CA=closed archive, TAMS=top-at-mark-start (previous, next)
|   0|0x00000000a5400000, 0x00000000a5500000, 0x00000000a5500000|100%|HS|  |TAMS 0x00000000a5400000, 0x00000000a5400000| Complete 
|   1|0x00000000a5500000, 0x00000000a5600000, 0x00000000a5600000|100%|HC|  |TAMS 0x00000000a5500000, 0x00000000a5500000| Complete 
|   2|0x00000000a5600000, 0x00000000a5600000, 0x00000000a5700000|  0%| F|  |TAMS 0x00000000a5600000, 0x00000000a5600000| Untracked 
|   3|0x00000000a5700000, 0x00000000a5700000, 0x00000000a5800000|  0%| F|  |TAMS 0x00000000a5700000, 0x00000000a5700000| Untracked 
|   4|0x00000000a5800000, 0x00000000a5800000, 0x00000000a5900000|  0%| F|  |TAMS 0x00000000a5800000, 0x00000000a5800000| Untracked 
|   5|0x00000000a5900000, 0x00000000a5900000, 0x00000000a5a00000|  0%| F|  |TAMS 0x00000000a5900000, 0x00000000a5900000| Untracked 
|   6|0x00000000a5a00000, 0x00000000a5a00000, 0x00000000a5b00000|  0%| F|  |TAMS 0x00000000a5a00000, 0x00000000a5a00000| Untracked 
|   7|0x00000000a5b00000, 0x00000000a5b00000, 0x00000000a5c00000|  0%| F|  |TAMS 0x00000000a5b00000, 0x00000000a5b00000| Untracked 
|   8|0x00000000a5c00000, 0x00000000a5c00000, 0x00000000a5d00000|  0%| F|  |TAMS 0x00000000a5c00000, 0x00000000a5c00000| Untracked 
|   9|0x00000000a5d00000, 0x00000000a5d00000, 0x00000000a5e00000|  0%| F|  |TAMS 0x00000000a5d00000, 0x00000000a5d00000| Untracked 
|  10|0x00000000a5e00000, 0x00000000a5e00000, 0x00000000a5f00000|  0%| F|  |TAMS 0x00000000a5e00000, 0x00000000a5e00000| Untracked 
|  11|0x00000000a5f00000, 0x00000000a5f00000, 0x00000000a6000000|  0%| F|  |TAMS 0x00000000a5f00000, 0x00000000a5f00000| Untracked 
|  12|0x00000000a6000000, 0x00000000a6000000, 0x00000000a6100000|  0%| F|  |TAMS 0x00000000a6000000, 0x00000000a6000000| Untracked 
|  13|0x00000000a6100000, 0x00000000a6100000, 0x00000000a6200000|  0%| F|  |TAMS 0x00000000a6100000, 0x00000000a6100000| Untracked 
|  14|0x00000000a6200000, 0x00000000a6200000, 0x00000000a6300000|  0%| F|  |TAMS 0x00000000a6200000, 0x00000000a6200000| Untracked 
|  15|0x00000000a6300000, 0x00000000a6300000, 0x00000000a6400000|  0%| F|  |TAMS 0x00000000a6300000, 0x00000000a6300000| Untracked 
|  16|0x00000000a6400000, 0x00000000a6400000, 0x00000000a6500000|  0%| F|  |TAMS 0x00000000a6400000, 0x00000000a6400000| Untracked 
|  17|0x00000000a6500000, 0x00000000a6500000, 0x00000000a6600000|  0%| F|  |TAMS 0x00000000a6500000, 0x00000000a6500000| Untracked 
|  18|0x00000000a6600000, 0x00000000a6600000, 0x00000000a6700000|  0%| F|  |TAMS 0x00000000a6600000, 0x00000000a6600000| Untracked 
|  19|0x00000000a6700000, 0x00000000a6700000, 0x00000000a6800000|  0%| F|  |TAMS 0x00000000a6700000, 0x00000000a6700000| Untracked 
|  20|0x00000000a6800000, 0x00000000a6800000, 0x00000000a6900000|  0%| F|  |TAMS 0x00000000a6800000, 0x00000000a6800000| Untracked 
|  21|0x00000000a6900000, 0x00000000a6900000, 0x00000000a6a00000|  0%| F|  |TAMS 0x00000000a6900000, 0x00000000a6900000| Untracked 
|  22|0x00000000a6a00000, 0x00000000a6a00000, 0x00000000a6b00000|  0%| F|  |TAMS 0x00000000a6a00000, 0x00000000a6a00000| Untracked 
|  23|0x00000000a6b00000, 0x00000000a6b00000, 0x00000000a6c00000|  0%| F|  |TAMS 0x00000000a6b00000, 0x00000000a6b00000| Untracked 
|  24|0x00000000a6c00000, 0x00000000a6c00000, 0x00000000a6d00000|  0%| F|  |TAMS 0x00000000a6c00000, 0x00000000a6c00000| Untracked 
|  25|0x00000000a6d00000, 0x00000000a6d00000, 0x00000000a6e00000|  0%| F|  |TAMS 0x00000000a6d00000, 0x00000000a6d00000| Untracked 
|  26|0x00000000a6e00000, 0x00000000a6e00000, 0x00000000a6f00000|  0%| F|  |TAMS 0x00000000a6e00000, 0x00000000a6e00000| Untracked 
|  27|0x00000000a6f00000, 0x00000000a6f00000, 0x00000000a7000000|  0%| F|  |TAMS 0x00000000a6f00000, 0x00000000a6f00000| Untracked 
|  28|0x00000000a7000000, 0x00000000a7000000, 0x00000000a7100000|  0%| F|  |TAMS 0x00000000a7000000, 0x00000000a7000000| Untracked 
|  29|0x00000000a7100000, 0x00000000a7100000, 0x00000000a7200000|  0%| F|  |TAMS 0x00000000a7100000, 0x00000000a7100000| Untracked 
|  30|0x00000000a7200000, 0x00000000a7200000, 0x00000000a7300000|  0%| F|  |TAMS 0x00000000a7200000, 0x00000000a7200000| Untracked 
|  31|0x00000000a7300000, 0x00000000a7300000, 0x00000000a7400000|  0%| F|  |TAMS 0x00000000a7300000, 0x00000000a7300000| Untracked 
|  32|0x00000000a7400000, 0x00000000a7400000, 0x00000000a7500000|  0%| F|  |TAMS 0x00000000a7400000, 0x00000000a7400000| Untracked 
|  33|0x00000000a7500000, 0x00000000a7500000, 0x00000000a7600000|  0%| F|  |TAMS 0x00000000a7500000, 0x00000000a7500000| Untracked 
|  34|0x00000000a7600000, 0x00000000a7600000, 0x00000000a7700000|  0%| F|  |TAMS 0x00000000a7600000, 0x00000000a7600000| Untracked 
|  35|0x00000000a7700000, 0x00000000a7700000, 0x00000000a7800000|  0%| F|  |TAMS 0x00000000a7700000, 0x00000000a7700000| Untracked 
|  36|0x00000000a7800000, 0x00000000a7800000, 0x00000000a7900000|  0%| F|  |TAMS 0x00000000a7800000, 0x00000000a7800000| Untracked 
|  37|0x00000000a7900000, 0x00000000a7900000, 0x00000000a7a00000|  0%| F|  |TAMS 0x00000000a7900000, 0x00000000a7900000| Untracked 
|  38|0x00000000a7a00000, 0x00000000a7a00000, 0x00000000a7b00000|  0%| F|  |TAMS 0x00000000a7a00000, 0x00000000a7a00000| Untracked 
|  39|0x00000000a7b00000, 0x00000000a7b00000, 0x00000000a7c00000|  0%| F|  |TAMS 0x00000000a7b00000, 0x00000000a7b00000| Untracked 
|  40|0x00000000a7c00000, 0x00000000a7c00000, 0x00000000a7d00000|  0%| F|  |TAMS 0x00000000a7c00000, 0x00000000a7c00000| Untracked 
|  41|0x00000000a7d00000, 0x00000000a7d00000, 0x00000000a7e00000|  0%| F|  |TAMS 0x00000000a7d00000, 0x00000000a7d00000| Untracked 
|  42|0x00000000a7e00000, 0x00000000a7e00000, 0x00000000a7f00000|  0%| F|  |TAMS 0x00000000a7e00000, 0x00000000a7e00000| Untracked 
|  43|0x00000000a7f00000, 0x00000000a7f00000, 0x00000000a8000000|  0%| F|  |TAMS 0x00000000a7f00000, 0x00000000a7f00000| Untracked 
|  44|0x00000000a8000000, 0x00000000a8000000, 0x00000000a8100000|  0%| F|  |TAMS 0x00000000a8000000, 0x00000000a8000000| Untracked 
|  45|0x00000000a8100000, 0x00000000a8100000, 0x00000000a8200000|  0%| F|  |TAMS 0x00000000a8100000, 0x00000000a8100000| Untracked 
|  46|0x00000000a8200000, 0x00000000a8200000, 0x00000000a8300000|  0%| F|  |TAMS 0x00000000a8200000, 0x00000000a8200000| Untracked 
|  47|0x00000000a8300000, 0x00000000a8300000, 0x00000000a8400000|  0%| F|  |TAMS 0x00000000a8300000, 0x00000000a8300000| Untracked 
|  48|0x00000000a8400000, 0x00000000a8400000, 0x00000000a8500000|  0%| F|  |TAMS 0x00000000a8400000, 0x00000000a8400000| Untracked 
|  49|0x00000000a8500000, 0x00000000a8500000, 0x00000000a8600000|  0%| F|  |TAMS 0x00000000a8500000, 0x00000000a8500000| Untracked 
|  50|0x00000000a8600000, 0x00000000a8600000, 0x00000000a8700000|  0%| F|  |TAMS 0x00000000a8600000, 0x00000000a8600000| Untracked 
|  51|0x00000000a8700000, 0x00000000a8700000, 0x00000000a8800000|  0%| F|  |TAMS 0x00000000a8700000, 0x00000000a8700000| Untracked 
|  52|0x00000000a8800000, 0x00000000a8800000, 0x00000000a8900000|  0%| F|  |TAMS 0x00000000a8800000, 0x00000000a8800000| Untracked 
|  53|0x00000000a8900000, 0x00000000a8900000, 0x00000000a8a00000|  0%| F|  |TAMS 0x00000000a8900000, 0x00000000a8900000| Untracked 
|  54|0x00000000a8a00000, 0x00000000a8a00000, 0x00000000a8b00000|  0%| F|  |TAMS 0x00000000a8a00000, 0x00000000a8a00000| Untracked 
|  55|0x00000000a8b00000, 0x00000000a8b00000, 0x00000000a8c00000|  0%| F|  |TAMS 0x00000000a8b00000, 0x00000000a8b00000| Untracked 
|  56|0x00000000a8c00000, 0x00000000a8c00000, 0x00000000a8d00000|  0%| F|  |TAMS 0x00000000a8c00000, 0x00000000a8c00000| Untracked 
|  57|0x00000000a8d00000, 0x00000000a8d00000, 0x00000000a8e00000|  0%| F|  |TAMS 0x00000000a8d00000, 0x00000000a8d00000| Untracked 
|  58|0x00000000a8e00000, 0x00000000a8e00000, 0x00000000a8f00000|  0%| F|  |TAMS 0x00000000a8e00000, 0x00000000a8e00000| Untracked 
|  59|0x00000000a8f00000, 0x00000000a8f00000, 0x00000000a9000000|  0%| F|  |TAMS 0x00000000a8f00000, 0x00000000a8f00000| Untracked 
|  60|0x00000000a9000000, 0x00000000a9000000, 0x00000000a9100000|  0%| F|  |TAMS 0x00000000a9000000, 0x00000000a9000000| Untracked 
|  61|0x00000000a9100000, 0x00000000a9100000, 0x00000000a9200000|  0%| F|  |TAMS 0x00000000a9100000, 0x00000000a9100000| Untracked 
|  62|0x00000000a9200000, 0x00000000a9200000, 0x00000000a9300000|  0%| F|  |TAMS 0x00000000a9200000, 0x00000000a9200000| Untracked 
|  63|0x00000000a9300000, 0x00000000a9300000, 0x00000000a9400000|  0%| F|  |TAMS 0x00000000a9300000, 0x00000000a9300000| Untracked 
|  64|0x00000000a9400000, 0x00000000a9400000, 0x00000000a9500000|  0%| F|  |TAMS 0x00000000a9400000, 0x00000000a9400000| Untracked 
|  65|0x00000000a9500000, 0x00000000a9500000, 0x00000000a9600000|  0%| F|  |TAMS 0x00000000a9500000, 0x00000000a9500000| Untracked 
|  66|0x00000000a9600000, 0x00000000a9600000, 0x00000000a9700000|  0%| F|  |TAMS 0x00000000a9600000, 0x00000000a9600000| Untracked 
|  67|0x00000000a9700000, 0x00000000a9700000, 0x00000000a9800000|  0%| F|  |TAMS 0x00000000a9700000, 0x00000000a9700000| Untracked 
|  68|0x00000000a9800000, 0x00000000a9800000, 0x00000000a9900000|  0%| F|  |TAMS 0x00000000a9800000, 0x00000000a9800000| Untracked 
|  69|0x00000000a9900000, 0x00000000a9900000, 0x00000000a9a00000|  0%| F|  |TAMS 0x00000000a9900000, 0x00000000a9900000| Untracked 
|  70|0x00000000a9a00000, 0x00000000a9a00000, 0x00000000a9b00000|  0%| F|  |TAMS 0x00000000a9a00000, 0x00000000a9a00000| Untracked 
|  71|0x00000000a9b00000, 0x00000000a9b00000, 0x00000000a9c00000|  0%| F|  |TAMS 0x00000000a9b00000, 0x00000000a9b00000| Untracked 
|  72|0x00000000a9c00000, 0x00000000a9c00000, 0x00000000a9d00000|  0%| F|  |TAMS 0x00000000a9c00000, 0x00000000a9c00000| Untracked 
|  73|0x00000000a9d00000, 0x00000000a9d00000, 0x00000000a9e00000|  0%| F|  |TAMS 0x00000000a9d00000, 0x00000000a9d00000| Untracked 
|  74|0x00000000a9e00000, 0x00000000a9e00000, 0x00000000a9f00000|  0%| F|  |TAMS 0x00000000a9e00000, 0x00000000a9e00000| Untracked 
|  75|0x00000000a9f00000, 0x00000000a9f00000, 0x00000000aa000000|  0%| F|  |TAMS 0x00000000a9f00000, 0x00000000a9f00000| Untracked 
|  76|0x00000000aa000000, 0x00000000aa000000, 0x00000000aa100000|  0%| F|  |TAMS 0x00000000aa000000, 0x00000000aa000000| Untracked 
|  77|0x00000000aa100000, 0x00000000aa100000, 0x00000000aa200000|  0%| F|  |TAMS 0x00000000aa100000, 0x00000000aa100000| Untracked 
|  78|0x00000000aa200000, 0x00000000aa200000, 0x00000000aa300000|  0%| F|  |TAMS 0x00000000aa200000, 0x00000000aa200000| Untracked 
|  79|0x00000000aa300000, 0x00000000aa300000, 0x00000000aa400000|  0%| F|  |TAMS 0x00000000aa300000, 0x00000000aa300000| Untracked 
|  80|0x00000000aa400000, 0x00000000aa400000, 0x00000000aa500000|  0%| F|  |TAMS 0x00000000aa400000, 0x00000000aa400000| Untracked 
|  81|0x00000000aa500000, 0x00000000aa500000, 0x00000000aa600000|  0%| F|  |TAMS 0x00000000aa500000, 0x00000000aa500000| Untracked 
|  82|0x00000000aa600000, 0x00000000aa600000, 0x00000000aa700000|  0%| F|  |TAMS 0x00000000aa600000, 0x00000000aa600000| Untracked 
|  83|0x00000000aa700000, 0x00000000aa700000, 0x00000000aa800000|  0%| F|  |TAMS 0x00000000aa700000, 0x00000000aa700000| Untracked 
|  84|0x00000000aa800000, 0x00000000aa800000, 0x00000000aa900000|  0%| F|  |TAMS 0x00000000aa800000, 0x00000000aa800000| Untracked 
|  85|0x00000000aa900000, 0x00000000aa985c10, 0x00000000aaa00000| 52%| E|  |TAMS 0x00000000aa900000, 0x00000000aa900000| Complete 
|  86|0x00000000aaa00000, 0x00000000aab00000, 0x00000000aab00000|100%| E|CS|TAMS 0x00000000aaa00000, 0x00000000aaa00000| Complete 
|  87|0x00000000aab00000, 0x00000000aac00000, 0x00000000aac00000|100%| E|CS|TAMS 0x00000000aab00000, 0x00000000aab00000| Complete 
|  88|0x00000000aac00000, 0x00000000aad00000, 0x00000000aad00000|100%| E|CS|TAMS 0x00000000aac00000, 0x00000000aac00000| Complete 
|  89|0x00000000aad00000, 0x00000000aae00000, 0x00000000aae00000|100%| E|CS|TAMS 0x00000000aad00000, 0x00000000aad00000| Complete 
|  90|0x00000000aae00000, 0x00000000aaf00000, 0x00000000aaf00000|100%| E|CS|TAMS 0x00000000aae00000, 0x00000000aae00000| Complete 
|  91|0x00000000aaf00000, 0x00000000ab000000, 0x00000000ab000000|100%| E|CS|TAMS 0x00000000aaf00000, 0x00000000aaf00000| Complete 

Card table byte_map: [0x000002a120a90000,0x000002a120d70000] _byte_map_base: 0x000002a120566000

Marking Bits (Prev, Next): (CMBitMap*) 0x000002a109887fa0, (CMBitMap*) 0x000002a109887fe0
 Prev Bits: [0x000002a121050000, 0x000002a122700000)
 Next Bits: [0x000002a122700000, 0x000002a123db0000)

Polling page: 0x000002a107580000

Metaspace:

Usage:
  Non-class:      2.71 MB used.
      Class:    335.89 KB used.
       Both:      3.04 MB used.

Virtual space:
  Non-class space:       64.00 MB reserved,       2.75 MB (  4%) committed,  1 nodes.
      Class space:        1.00 GB reserved,     448.00 KB ( <1%) committed,  1 nodes.
             Both:        1.06 GB reserved,       3.19 MB ( <1%) committed. 

Chunk freelists:
   Non-Class:  3.33 MB
       Class:  3.60 MB
        Both:  6.93 MB

MaxMetaspaceSize: unlimited
CompressedClassSpaceSize: 1.00 GB
Initial GC threshold: 21.00 MB
Current GC threshold: 21.00 MB
CDS: on
MetaspaceReclaimPolicy: balanced
 - commit_granule_bytes: 65536.
 - commit_granule_words: 8192.
 - virtual_space_node_default_size: 8388608.
 - enlarge_chunks_in_place: 1.
 - new_chunks_are_fully_committed: 0.
 - uncommit_free_chunks: 1.
 - use_allocation_guard: 0.


Internal statistics:

num_allocs_failed_limit: 0.
num_arena_births: 46.
num_arena_deaths: 0.
num_vsnodes_births: 2.
num_vsnodes_deaths: 0.
num_space_committed: 51.
num_space_uncommitted: 0.
num_chunks_returned_to_freelist: 0.
num_chunks_taken_from_freelist: 93.
num_chunk_merges: 0.
num_chunk_splits: 55.
num_chunks_enlarged: 40.
num_inconsistent_stats: 0.

CodeHeap 'non-profiled nmethods': size=120000Kb used=183Kb max_used=183Kb free=119817Kb
 bounds [0x000002a119280000, 0x000002a1194f0000, 0x000002a1207b0000]
CodeHeap 'profiled nmethods': size=120000Kb used=1000Kb max_used=1000Kb free=118999Kb
 bounds [0x000002a1117b0000, 0x000002a111a20000, 0x000002a118ce0000]
CodeHeap 'non-nmethods': size=5760Kb used=1237Kb max_used=1251Kb free=4522Kb
 bounds [0x000002a118ce0000, 0x000002a118f50000, 0x000002a119280000]
 total_blobs=1085 nmethods=636 adapters=361
 compilation: enabled
              stopped_count=0, restarted_count=0
 full_count=0

Compilation events (20 events):
Event: 93.895 Thread 0x000002a12623c930  622       4       jdk.internal.org.objectweb.asm.ByteVector::putUTF8 (144 bytes)
Event: 93.931 Thread 0x000002a1262b0ac0  623       3       jdk.internal.org.objectweb.asm.MethodWriter::visitVarInsn (302 bytes)
Event: 93.933 Thread 0x000002a1262b0ac0 nmethod 623 0x000002a1118a5e90 code [0x000002a1118a60e0, 0x000002a1118a6a88]
Event: 93.938 Thread 0x000002a12623c930 nmethod 622 0x000002a1192ac190 code [0x000002a1192ac340, 0x000002a1192ac6d8]
Event: 129.828 Thread 0x000002a1262b0ac0  624       3       sun.invoke.util.Wrapper::forPrimitiveType (122 bytes)
Event: 129.830 Thread 0x000002a1262b0ac0 nmethod 624 0x000002a1118a6d10 code [0x000002a1118a6fe0, 0x000002a1118a7b18]
Event: 129.832 Thread 0x000002a1262b0ac0  629       3       java.lang.invoke.MemberName::getType (19 bytes)
Event: 129.833 Thread 0x000002a1262b0ac0 nmethod 629 0x000002a1118a7e10 code [0x000002a1118a8000, 0x000002a1118a83b8]
Event: 129.833 Thread 0x000002a1262b0ac0  630       3       java.lang.invoke.MethodType::basicType (8 bytes)
Event: 129.833 Thread 0x000002a1262b0ac0 nmethod 630 0x000002a1118a8510 code [0x000002a1118a86a0, 0x000002a1118a87d8]
Event: 129.834 Thread 0x000002a1262b0ac0  632       3       jdk.internal.org.objectweb.asm.ByteVector::<init> (13 bytes)
Event: 129.834 Thread 0x000002a1262b0ac0 nmethod 632 0x000002a1118a8890 code [0x000002a1118a8a40, 0x000002a1118a8cb8]
Event: 129.834 Thread 0x000002a1262b0ac0  633       3       java.lang.invoke.MemberName$Factory::resolveOrFail (79 bytes)
Event: 129.835 Thread 0x000002a1262b0ac0 nmethod 633 0x000002a1118a8d90 code [0x000002a1118a8fa0, 0x000002a1118a9698]
Event: 129.835 Thread 0x000002a1262b0ac0  635       1       java.lang.invoke.LambdaForm$Name::index (5 bytes)
Event: 129.836 Thread 0x000002a1262b0ac0 nmethod 635 0x000002a1192ad910 code [0x000002a1192adaa0, 0x000002a1192adb58]
Event: 129.836 Thread 0x000002a1262b0ac0  634       3       java.lang.invoke.MethodType::parameterSlotCount (8 bytes)
Event: 129.836 Thread 0x000002a1262b0ac0 nmethod 634 0x000002a1118a9910 code [0x000002a1118a9aa0, 0x000002a1118a9bd8]
Event: 133.111 Thread 0x000002a1262b0ac0  636       3       java.lang.ref.PhantomReference::<init> (7 bytes)
Event: 133.112 Thread 0x000002a1262b0ac0 nmethod 636 0x000002a1118a9c90 code [0x000002a1118a9e40, 0x000002a1118aa118]

GC Heap History (0 events):
No events

Dll operation events (7 events):
Event: 0.929 Loaded shared library C:\Program Files\Java\jdk-19\bin\java.dll
Event: 1.672 Loaded shared library C:\Program Files\Java\jdk-19\bin\jsvml.dll
Event: 2.330 Loaded shared library C:\Program Files\Java\jdk-19\bin\net.dll
Event: 2.334 Loaded shared library C:\Program Files\Java\jdk-19\bin\nio.dll
Event: 3.125 Loaded shared library C:\Program Files\Java\jdk-19\bin\zip.dll
Event: 7.865 Loaded shared library C:\Program Files\Java\jdk-19\bin\jimage.dll
Event: 25.771 Loaded shared library C:\Program Files\Java\jdk-19\bin\extnet.dll

Deoptimization events (4 events):
Event: 14.954 Thread 0x000002a1098376a0 DEOPT PACKING pc=0x000002a1117d14e7 sp=0x000000bbb0cfd8a0
Event: 14.954 Thread 0x000002a1098376a0 DEOPT UNPACKING pc=0x000002a118d47524 sp=0x000000bbb0cfccc0 mode 0
Event: 29.683 Thread 0x000002a1098376a0 DEOPT PACKING pc=0x000002a1117c7cd1 sp=0x000000bbb0cfe000
Event: 29.683 Thread 0x000002a1098376a0 DEOPT UNPACKING pc=0x000002a118d47524 sp=0x000000bbb0cfd478 mode 0

Classes loaded (20 events):
Event: 129.837 Loading class java/util/concurrent/SynchronousQueue$TransferStack$SNode
Event: 129.837 Loading class java/util/concurrent/SynchronousQueue$TransferStack$SNode done
Event: 129.838 Loading class java/lang/ProcessImpl$2
Event: 129.838 Loading class java/lang/ProcessImpl$2 done
Event: 129.838 Loading class java/lang/Process$PipeInputStream
Event: 129.838 Loading class java/lang/Process$PipeInputStream done
Event: 129.838 Loading class java/lang/ProcessBuilder$NullInputStream
Event: 129.838 Loading class java/lang/ProcessBuilder$NullInputStream done
Event: 129.838 Loading class jdk/internal/event/ProcessStartEvent
Event: 129.838 Loading class jdk/internal/event/Event
Event: 129.838 Loading class jdk/internal/event/Event done
Event: 129.839 Loading class jdk/internal/event/ProcessStartEvent done
Event: 131.474 Loading class java/io/InputStreamReader
Event: 131.569 Loading class java/io/Reader
Event: 132.123 Loading class java/io/Reader done
Event: 132.123 Loading class java/io/InputStreamReader done
Event: 132.123 Loading class sun/nio/cs/StreamDecoder
Event: 132.825 Loading class sun/nio/cs/StreamDecoder done
Event: 132.825 Loading class sun/nio/cs/UTF_8$Decoder
Event: 133.103 Loading class sun/nio/cs/UTF_8$Decoder done

Classes unloaded (0 events):
No events

Classes redefined (0 events):
No events

Internal exceptions (14 events):
Event: 10.014 Thread 0x000002a1098376a0 Exception <a 'java/lang/NoSuchMethodError'{0x00000000aad6e4e8}: 'int java.lang.invoke.DirectMethodHandle$Holder.invokeStaticInit(java.lang.Object, java.lang.Object)'> (0x00000000aad6e4e8) 
thrown [s\open\src\hotspot\share\interpreter\linkResolver.cpp, line 774]
Event: 25.982 Thread 0x000002a1098376a0 Exception <a 'java/lang/NoSuchMethodError'{0x00000000aac54f10}: 'void java.lang.invoke.DirectMethodHandle$Holder.invokeStatic(java.lang.Object, java.lang.Object)'> (0x00000000aac54f10) 
thrown [s\open\src\hotspot\share\interpreter\linkResolver.cpp, line 774]
Event: 29.641 Thread 0x000002a1098376a0 Exception <a 'java/lang/NoSuchMethodError'{0x00000000aab42120}: 'java.lang.Object java.lang.invoke.DirectMethodHandle$Holder.invokeStaticInit(java.lang.Object)'> (0x00000000aab42120) 
thrown [s\open\src\hotspot\share\interpreter\linkResolver.cpp, line 774]
Event: 30.214 Thread 0x000002a1098376a0 Exception <a 'java/lang/NoSuchMethodError'{0x00000000aabed2c8}: 'void java.lang.invoke.DirectMethodHandle$Holder.invokeStaticInit(java.lang.Object, java.lang.Object)'> (0x00000000aabed2c8) 
thrown [s\open\src\hotspot\share\interpreter\linkResolver.cpp, line 774]
Event: 46.338 Thread 0x000002a1098376a0 Exception <a 'java/lang/NoSuchMethodError'{0x00000000aaa98310}: 'java.lang.Object java.lang.invoke.DirectMethodHandle$Holder.invokeStaticInit(java.lang.Object, int, int, int, int)'> (0x00000000aaa98310) 
thrown [s\open\src\hotspot\share\interpreter\linkResolver.cpp, line 774]
Event: 52.893 Thread 0x000002a1098376a0 Exception <a 'java/lang/NoSuchMethodError'{0x00000000aa912178}: 'java.lang.Object java.lang.invoke.DirectMethodHandle$Holder.invokeStaticInit(java.lang.Object, java.lang.Object, int, int, int, int)'> (0x00000000aa912178) 
thrown [s\open\src\hotspot\share\interpreter\linkResolver.cpp, line 774]
Event: 54.959 Thread 0x000002a1098376a0 Exception <a 'sun/nio/fs/WindowsException'{0x00000000aa91a3a0}> (0x00000000aa91a3a0) 
thrown [s\open\src\hotspot\share\prims\jni.cpp, line 517]
Event: 79.904 Thread 0x000002a1098376a0 Exception <a 'java/lang/NoSuchMethodError'{0x00000000aa923280}: 'java.lang.Object java.lang.invoke.DirectMethodHandle$Holder.invokeInterface(java.lang.Object, java.lang.Object, java.lang.Object, java.lang.Object)'> (0x00000000aa923280) 
thrown [s\open\src\hotspot\share\interpreter\linkResolver.cpp, line 774]
Event: 93.889 Thread 0x000002a1098376a0 Exception <a 'java/lang/NoSuchMethodError'{0x00000000aa939de8}: 'void java.lang.invoke.DirectMethodHandle$Holder.invokeInterface(java.lang.Object, java.lang.Object, java.lang.Object)'> (0x00000000aa939de8) 
thrown [s\open\src\hotspot\share\interpreter\linkResolver.cpp, line 774]
Event: 129.829 Thread 0x000002a1098376a0 Exception <a 'java/lang/NoSuchMethodError'{0x00000000aa941a18}: 'void java.lang.invoke.DirectMethodHandle$Holder.invokeStatic(java.lang.Object, long)'> (0x00000000aa941a18) 
thrown [s\open\src\hotspot\share\interpreter\linkResolver.cpp, line 774]
Event: 129.830 Thread 0x000002a1098376a0 Exception <a 'java/lang/NoSuchMethodError'{0x00000000aa947430}: 'java.lang.Object java.lang.invoke.DirectMethodHandle$Holder.newInvokeSpecial(java.lang.Object, long)'> (0x00000000aa947430) 
thrown [s\open\src\hotspot\share\interpreter\linkResolver.cpp, line 774]
Event: 129.833 Thread 0x000002a1098376a0 Exception <a 'java/lang/NoSuchMethodError'{0x00000000aa94e880}: 'java.lang.Object java.lang.invoke.DirectMethodHandle$Holder.invokeStatic(java.lang.Object, long, java.lang.Object)'> (0x00000000aa94e880) 
thrown [s\open\src\hotspot\share\interpreter\linkResolver.cpp, line 774]
Event: 129.835 Thread 0x000002a1098376a0 Exception <a 'java/lang/NoSuchMethodError'{0x00000000aa952000}: 'java.lang.Object java.lang.invoke.DirectMethodHandle$Holder.invokeStaticInit(java.lang.Object, long, java.lang.Object)'> (0x00000000aa952000) 
thrown [s\open\src\hotspot\share\interpreter\linkResolver.cpp, line 774]
Event: 133.361 Thread 0x000002a1098376a0 Exception <a 'java/lang/OutOfMemoryError'{0x00000000aa962dd8}> (0x00000000aa962dd8) 
thrown [s\open\src\hotspot\share\prims\jni.cpp, line 536]

VM Operations (20 events):
Event: 31.319 Executing VM operation: Cleanup
Event: 31.319 Executing VM operation: Cleanup done
Event: 41.406 Executing VM operation: Cleanup
Event: 46.325 Executing VM operation: Cleanup done
Event: 51.364 Executing VM operation: Cleanup
Event: 51.364 Executing VM operation: Cleanup done
Event: 53.379 Executing VM operation: Cleanup
Event: 53.379 Executing VM operation: Cleanup done
Event: 55.387 Executing VM operation: Cleanup
Event: 62.949 Executing VM operation: Cleanup done
Event: 65.979 Executing VM operation: Cleanup
Event: 66.402 Executing VM operation: Cleanup done
Event: 69.425 Executing VM operation: Cleanup
Event: 69.425 Executing VM operation: Cleanup done
Event: 75.497 Executing VM operation: Cleanup
Event: 75.497 Executing VM operation: Cleanup done
Event: 80.542 Executing VM operation: Cleanup
Event: 93.882 Executing VM operation: Cleanup done
Event: 94.895 Executing VM operation: Cleanup
Event: 94.895 Executing VM operation: Cleanup done

Events (12 events):
Event: 1.673 Thread 0x000002a1098376a0 Thread added: 0x000002a1098376a0
Event: 1.754 Thread 0x000002a12622df40 Thread added: 0x000002a12622df40
Event: 1.754 Thread 0x000002a126231c30 Thread added: 0x000002a126231c30
Event: 1.755 Thread 0x000002a126234d50 Thread added: 0x000002a126234d50
Event: 1.755 Thread 0x000002a126235a40 Thread added: 0x000002a126235a40
Event: 1.756 Thread 0x000002a126236370 Thread added: 0x000002a126236370
Event: 1.756 Thread 0x000002a126239cc0 Thread added: 0x000002a126239cc0
Event: 1.756 Thread 0x000002a12623c930 Thread added: 0x000002a12623c930
Event: 1.809 Thread 0x000002a1262b0ac0 Thread added: 0x000002a1262b0ac0
Event: 1.835 Thread 0x000002a1262b11e0 Thread added: 0x000002a1262b11e0
Event: 2.148 Thread 0x000002a12a494860 Thread added: 0x000002a12a494860
Event: 2.179 Thread 0x000002a12a49b220 Thread added: 0x000002a12a49b220


Dynamic libraries:
0x00007ff74c030000 - 0x00007ff74c040000 	C:\Program Files\Java\jdk-19\bin\javaw.exe
0x00007ffad9f50000 - 0x00007ffada148000 	C:\Windows\SYSTEM32\ntdll.dll
0x00007ffad9280000 - 0x00007ffad933f000 	C:\Windows\System32\KERNEL32.DLL
0x00007ffad7650000 - 0x00007ffad7922000 	C:\Windows\System32\KERNELBASE.dll
0x00007ffad79d0000 - 0x00007ffad7ad0000 	C:\Windows\System32\ucrtbase.dll
0x00007ffacc720000 - 0x00007ffacc738000 	C:\Program Files\Java\jdk-19\bin\jli.dll
0x00007ffacb980000 - 0x00007ffacb99b000 	C:\Program Files\Java\jdk-19\bin\VCRUNTIME140.dll
0x00007ffad80e0000 - 0x00007ffad818e000 	C:\Windows\System32\ADVAPI32.dll
0x00007ffad8270000 - 0x00007ffad830e000 	C:\Windows\System32\msvcrt.dll
0x00007ffad9340000 - 0x00007ffad93dc000 	C:\Windows\System32\sechost.dll
0x00007ffad8fa0000 - 0x00007ffad90c4000 	C:\Windows\System32\RPCRT4.dll
0x00007ffad9cb0000 - 0x00007ffad9e51000 	C:\Windows\System32\USER32.dll
0x00007ffad7b20000 - 0x00007ffad7b42000 	C:\Windows\System32\win32u.dll
0x00007ffad8380000 - 0x00007ffad83ab000 	C:\Windows\System32\GDI32.dll
0x00007ffad7b50000 - 0x00007ffad7c5f000 	C:\Windows\System32\gdi32full.dll
0x00007ffad7f00000 - 0x00007ffad7f9d000 	C:\Windows\System32\msvcp_win.dll
0x00007ffac9780000 - 0x00007ffac9a1a000 	C:\Windows\WinSxS\amd64_microsoft.windows.common-controls_6595b64144ccf1df_6.0.19041.1110_none_60b5254171f9507e\COMCTL32.dll
0x00007ffac9cf0000 - 0x00007ffac9cfa000 	C:\Windows\SYSTEM32\VERSION.dll
0x00007ffad85c0000 - 0x00007ffad85f0000 	C:\Windows\System32\IMM32.DLL
0x00007ffad3510000 - 0x00007ffad351c000 	C:\Program Files\Java\jdk-19\bin\vcruntime140_1.dll
0x00007ffacb8f0000 - 0x00007ffacb97e000 	C:\Program Files\Java\jdk-19\bin\msvcp140.dll
0x00007ffaac190000 - 0x00007ffaace50000 	C:\Program Files\Java\jdk-19\bin\server\jvm.dll
0x00007ffad2830000 - 0x00007ffad2839000 	C:\Windows\SYSTEM32\WSOCK32.dll
0x00007ffad8310000 - 0x00007ffad837b000 	C:\Windows\System32\WS2_32.dll
0x00007ffacb6e0000 - 0x00007ffacb707000 	C:\Windows\SYSTEM32\WINMM.dll
0x00007ffad5510000 - 0x00007ffad5522000 	C:\Windows\SYSTEM32\kernel.appcore.dll
0x00007ffad2620000 - 0x00007ffad262a000 	C:\Program Files\Java\jdk-19\bin\jimage.dll
0x00007ffac7c70000 - 0x00007ffac7e54000 	C:\Windows\SYSTEM32\DBGHELP.DLL
0x00007ffac7c30000 - 0x00007ffac7c65000 	C:\Windows\SYSTEM32\dbgcore.DLL
0x00007ffad7dc0000 - 0x00007ffad7e42000 	C:\Windows\System32\bcryptPrimitives.dll
0x00007ffacb690000 - 0x00007ffacb6b6000 	C:\Program Files\Java\jdk-19\bin\java.dll
0x00007ffac5ad0000 - 0x00007ffac5ba7000 	C:\Program Files\Java\jdk-19\bin\jsvml.dll
0x00007ffad8600000 - 0x00007ffad8d45000 	C:\Windows\System32\SHELL32.dll
0x00007ffad5710000 - 0x00007ffad5ea2000 	C:\Windows\SYSTEM32\windows.storage.dll
0x00007ffad98b0000 - 0x00007ffad9c05000 	C:\Windows\System32\combase.dll
0x00007ffad70b0000 - 0x00007ffad70e0000 	C:\Windows\SYSTEM32\Wldp.dll
0x00007ffad8030000 - 0x00007ffad80dd000 	C:\Windows\System32\SHCORE.dll
0x00007ffad84e0000 - 0x00007ffad8535000 	C:\Windows\System32\shlwapi.dll
0x00007ffad7590000 - 0x00007ffad75af000 	C:\Windows\SYSTEM32\profapi.dll
0x00007ffacb670000 - 0x00007ffacb683000 	C:\Program Files\Java\jdk-19\bin\net.dll
0x00007ffacdda0000 - 0x00007ffacdeaa000 	C:\Windows\SYSTEM32\WINHTTP.dll
0x00007ffad6e10000 - 0x00007ffad6e7a000 	C:\Windows\system32\mswsock.dll
0x00007ffacb650000 - 0x00007ffacb666000 	C:\Program Files\Java\jdk-19\bin\nio.dll
0x00007ffacb630000 - 0x00007ffacb648000 	C:\Program Files\Java\jdk-19\bin\zip.dll
0x00007ffad0a40000 - 0x00007ffad0a48000 	C:\Program Files\Java\jdk-19\bin\extnet.dll
0x00007ffad6b50000 - 0x00007ffad6c1b000 	C:\Windows\SYSTEM32\DNSAPI.dll
0x00007ffad6ab0000 - 0x00007ffad6aeb000 	C:\Windows\SYSTEM32\IPHLPAPI.DLL
0x00007ffad9c80000 - 0x00007ffad9c88000 	C:\Windows\System32\NSI.dll
0x00007ffacd7e0000 - 0x00007ffacd7ea000 	C:\Windows\System32\rasadhlp.dll
0x00007ffacd800000 - 0x00007ffacd880000 	C:\Windows\System32\fwpuclnt.dll
0x00007ffad7930000 - 0x00007ffad7957000 	C:\Windows\System32\bcrypt.dll
0x00007ffad7000000 - 0x00007ffad7018000 	C:\Windows\SYSTEM32\CRYPTSP.dll
0x00007ffad66c0000 - 0x00007ffad66f4000 	C:\Windows\system32\rsaenh.dll
0x00007ffad7550000 - 0x00007ffad757e000 	C:\Windows\SYSTEM32\USERENV.dll
0x00007ffad7020000 - 0x00007ffad702c000 	C:\Windows\SYSTEM32\CRYPTBASE.dll
0x00007fface030000 - 0x00007fface047000 	C:\Windows\SYSTEM32\dhcpcsvc6.DLL
0x00007fface130000 - 0x00007fface14d000 	C:\Windows\SYSTEM32\dhcpcsvc.DLL
0x00007ffad4e60000 - 0x00007ffad4ef0000 	C:\Windows\system32\apphelp.dll

dbghelp: loaded successfully - version: 4.0.5 - missing functions: none
symbol engine: initialized successfully - sym options: 0x614 - pdb path: .;C:\Program Files\Java\jdk-19\bin;C:\Windows\SYSTEM32;C:\Windows\WinSxS\amd64_microsoft.windows.common-controls_6595b64144ccf1df_6.0.19041.1110_none_60b5254171f9507e;C:\Program Files\Java\jdk-19\bin\server

VM Arguments:
jvm_args: -Dfile.encoding=UTF-8 -XX:+ShowCodeDetailsInExceptionMessages 
java_command: WebElementMethods.SendKeys3
java_class_path (initial): C:\Users\omsai\git\repository2\6csa5_new\bin;C:\Users\omsai\git\repository2\6csa5_new\selenium-server-4.9.0.jar
Launcher Type: SUN_STANDARD

[Global flags]
     intx CICompilerCount                          = 3                                         {product} {ergonomic}
     uint ConcGCThreads                            = 1                                         {product} {ergonomic}
     uint G1ConcRefinementThreads                  = 4                                         {product} {ergonomic}
   size_t G1HeapRegionSize                         = 1048576                                   {product} {ergonomic}
    uintx GCDrainStackTargetSize                   = 64                                        {product} {ergonomic}
   size_t InitialHeapSize                          = 96468992                                  {product} {ergonomic}
   size_t MarkStackSize                            = 4194304                                   {product} {ergonomic}
   size_t MaxHeapSize                              = 1522532352                                {product} {ergonomic}
   size_t MaxNewSize                               = 913309696                                 {product} {ergonomic}
   size_t MinHeapDeltaBytes                        = 1048576                                   {product} {ergonomic}
   size_t MinHeapSize                              = 8388608                                   {product} {ergonomic}
    uintx NonNMethodCodeHeapSize                   = 5832780                                {pd product} {ergonomic}
    uintx NonProfiledCodeHeapSize                  = 122912730                              {pd product} {ergonomic}
    uintx ProfiledCodeHeapSize                     = 122912730                              {pd product} {ergonomic}
    uintx ReservedCodeCacheSize                    = 251658240                              {pd product} {ergonomic}
     bool SegmentedCodeCache                       = true                                      {product} {ergonomic}
     bool ShowCodeDetailsInExceptionMessages       = true                                   {manageable} {command line}
   size_t SoftMaxHeapSize                          = 1522532352                             {manageable} {ergonomic}
     bool UseCompressedClassPointers               = true                           {product lp64_product} {ergonomic}
     bool UseCompressedOops                        = true                           {product lp64_product} {ergonomic}
     bool UseG1GC                                  = true                                      {product} {ergonomic}
     bool UseLargePagesIndividualAllocation        = false                                  {pd product} {ergonomic}

Logging:
Log output configuration:
 #0: stdout all=warning uptime,level,tags foldmultilines=false
 #1: stderr all=off uptime,level,tags foldmultilines=false

Environment Variables:
PATH=C:\Program Files\Common Files\Oracle\Java\javapath;C:\oracle\product\10.2.0\db_1\bin;C:\Program Files (x86)\Common Files\Oracle\Java\javapath;C:\Windows\system32;C:\Windows;C:\Windows\System32\Wbem;C:\Windows\System32\WindowsPowerShell\v1.0\;C:\Windows\System32\OpenSSH\;C:\Program Files\dotnet\;C:\Program Files\Java\jdk-19\bin;C:\Users\omsai\AppData\Local\Microsoft\WindowsApps;;C:\Users\omsai\AppData\Local\Programs\Microsoft VS Code\bin
USERNAME=omsai
OS=Windows_NT
PROCESSOR_IDENTIFIER=Intel64 Family 6 Model 37 Stepping 2, GenuineIntel
TMP=C:\Users\omsai\AppData\Local\Temp
TEMP=C:\Users\omsai\AppData\Local\Temp



---------------  S Y S T E M  ---------------

OS:
 Windows 10 , 64 bit Build 19041 (10.0.19041.2546)
OS uptime: 6 days 23:45 hours

CPU: total 4 (initial active 4) (2 cores per cpu, 2 threads per core) family 6 model 37 stepping 2 microcode 0x11, cx8, cmov, fxsr, ht, mmx, sse, sse2, sse3, ssse3, sse4.1, sse4.2, popcnt, tsc, tscinvbit, clflush, rdtscp

Memory: 4k page, system-wide physical 5806M (253M free)
TotalPageFile size 13330M (AvailPageFile size 0M)
current process WorkingSet (physical memory assigned to process): 46M, peak: 46M
current process commit charge ("private bytes"): 168M, peak: 169M

vm_info: Java HotSpot(TM) 64-Bit Server VM (19.0.2+7-44) for windows-amd64 JRE (19.0.2+7-44), built on 2022-11-30T18:02:09Z by "mach5one" with MS VC++ 17.1 (VS2022)

END.
